500
0 512 1470 1645 1774 1791 2797 3261 5005 5339 5715 6472 6683 6894 7452 7458 7561 7607 8272 9021 9807
1 88 548 1213 1299 1337 1429 1770 1924 2349 2412 2423 2562 2858 3163 3486 3783 4324 4531 5171 6205 7012 7296 7399 8095 8699 8968 8987 9115
2 1 7 412 1216 2275 2615 3371 3963 4092 4624 4730 4822 5000 5085 5244 7405 7823 8405 9021 9231 9265 9545
3 273 352 412 450 874 935 1098 1625 1745 1966 2060 2784 3453 3936 4230 4512 4541 4765 5300 5622 5715 5748 5827 6534 6538 6613 6672 6956 7296 7438 7736 7762 8251 9270 9351
4 136 1835 1934 2240 2413 2635 2768 2923 2972 3802 3950 4226 4333 5232 5507 5615 5678 6077 6389 6427 9144 9721 9878 9993
5 79 560 650 1396 1728 2013 2175 2396 2422 2704 2729 2752 2760 3077 3634 3731 4439 4661 5086 5258 5748 6327 6538 6617 6630 6676 6752 6915 7234 7467 7699 7755 7834 7902 8174 8217 8293 8572 8696 8711 9169 9192 9301 9359 9545 9671
6 33 117 2028 2615 2640 3936 4340 4350 4958 5189 5199 5216 5219 5621 5948 5979 6030 6038 6061 6332 6412 7153 7285 7382 7413 7808 7852 7883 8044 9825 9930
7 321 935 1031 1177 2152 2202 4029 4188 4223 4744 4985 5326 5880 6598 6614 6653 6701 7045 7120 8040 8726 9023 9205 9615 9842 9908
8 199 321 569 654 843 937 1134 1183 1195 1205 1301 1452 1472 1615 3113 3188 4133 4180 4583 5228 5783 5895 6295 7050 7553 7560 7842 7997 8069 8125 8487 8696 8994 9096 9169 9254 9733
9 218 622 837 863 1032 1133 1343 1454 1822 2057 2422 2867 3113 3723 3830 4226 4832 5775 6021 6042 6062 6258 6767 6790 7219 7413 7463 7669 7948 8170 8239 8352 8498 8683 8794 9014
10 697 843 851 1105 1303 1454 1623 2288 2474 2868 4129 4569 4851 4855 5131 5323 5692 5981 6186 6762 7599 7672 7992 8193 9758
11 128 447 889 1064 1157 1477 1496 1728 2392 2662 4107 4170 4314 4400 4710 4875 5072 5117 5446 5652 6129 6534 6850 6999 7026 7452 8644 8910 9013 9270 9464 9545 9745
12 2 389 580 745 828 1147 2288 2577 2701 2962 3073 4803 5053 5346 6641 6831 7304 8355 8981 9362 9842
13 210 253 343 951 2986 3207 3394 4571 4855 5188 5271 5682 6025 6499 7048 7278 7709 7837 7949 8089 8659 8816
14 71 88 252 304 700 1040 1159 1535 1962 2342 2692 2992 3178 3543 3885 4311 4348 4356 5171 6054 6810 7228 7699 7831 8610
15 703 945 1668 1972 2182 2320 2326 2652 2828 3061 3427 3762 3982 3999 4151 4326 4907 5451 5946 6267 6651 7344 7572 7772 7782 7829 8028 8812 8874 9259
16 1019 1556 1979 2034 2533 2818 3008 3309 3673 3916 3926 4336 5196 5784 5831 7014 7888 8671 9014 9442 9742 9991
17 950 1123 1467 2243 2244 2308 3720 5219 5385 5543 5907 6030 6057 7431 7554 7883 8692 9194 9912 9954
18 325 861 2117 2146 2193 3074 3262 3268 3362 3673 3814 4213 4527 4596 5747 6040 6468 6502 6931 7000 8005 8105 8332 8344 8852 9047 9315 9465 9545 9703
19 744 935 951 1133 1212 1567 2003 2256 2327 2340 2452 2598 2962 3371 3784 3830 3835 3894 4060 4326 4501 4520 4586 4669 5155 5269 5497 5861 6051 6101 6258 6696 7126 7796 8221 8858 8919
20 368 836 1031 1154 1740 2107 2272 2676 2707 3320 3982 4035 4126 4785 5526 6032 6063 6201 6547 7736 7969 8639 9428 9698
21 215 296 1059 1101 1289 1343 1580 1583 1668 1796 2190 2760 3222 4377 4624 4679 4816 4954 5065 5126 5509 5794 5913 5917 6400 6464 7036 7105 7709 8017 8049 8269 8455 9224 9931
22 253 259 1168 1581 1848 3074 3173 3982 4237 5679 6461 7165 7605 7933 8037 8134 8154 8186 8841 9244 9290
23 220 478 670 745 1289 2112 2666 2771 2962 3184 3580 4306 4397 4703 4765 4937 5409 6184 6280 6337 6584 7641 7736 7759 8754 8832 9125 9293 9689
24 170 454 465 1259 1369 1528 1867 2071 2123 2232 2817 3717 3935 3961 4078 4945 5445 5534 5536 6547 7117 7120 7413 7429 7521 8989 9270
25 108 528 624 1282 1299 1408 2037 3012 3105 3584 3913 3982 4666 4687 5266 5721 6652 6774 7212 8423 8863 8959 9008 9583 9800
26 689 732 1273 2143 2445 3457 3836 3872 4990 5201 5303 5356 5609 5962 6364 6785 7165 8431 8636 9093
27 141 352 569 1479 1608 1963 2597 2603 3174 3380 3603 4027 4199 4984 5069 5307 5412 5572 5621 5643 5702 5834 6191 6676 7055 7154 7155 8125 8268 8290 8473 8507 8830 9496 9982
28 7 455 663 699 790 834 937 1429 1476 1668 1731 1917 2670 2858 3491 3681 3914 4486 4541 4580 4784 4844 4965 5105 5341 5483 5747 6075 6292 6729 7180 7699 8342 8344 8425 8531 8570 8702 8931 9435 9843 9968
29 79 139 1749 1920 1937 2114 2234 2842 2962 3079 3167 3319 3355 3362 4314 5798 5925 6139 6438 6613 6702 6787 6920 6938 7133 7979 8168 8293 8502 8978 9871 9901 9957 9968
30 2 569 1169 1307 1625 1661 2121 2373 2930 2962 3272 3612 4149 5064 6021 6059 6323 6547 8027 8538 9505 9742 9744
31 115 307 774 1230 1515 1702 2555 2932 3110 4349 4551 4622 4674 4912 4913 5762 5887 6054 6218 6421 6518 7072 7563 7710 7762 8005 9921
32 552 745 2465 2643 2946 2970 3135 3316 3498 3651 3797 4314 4537 4567 4626 4661 4985 5166 5825 6330 6374 6532 6613 7038 7115 7335 7664 7698 7845 8040 8125 8174 8870 8910 9244 9315 9453 9838
33 176 200 365 1134 1408 1528 1737 1868 1961 2014 2732 3008 3393 3836 4086 4091 4651 4824 4898 5973 6051 6491 6647 6671 6986 7740 7885 8396 8864 9023
34 79 133 151 362 529 730 1206 1542 1799 1984 2077 2392 2604 2680 3077 4176 4501 4513 4755 5072 5413 5417 5466 6485 9241 9930 9997
35 221 613 699 873 1205 1534 1557 1625 2486 2741 2882 3012 3982 4635 5156 5446 5866 6020 6490 6993 7759 7992 8137 8139 8148 8970 9300 9848
36 571 935 1271 1552 1556 2555 3580 3901 4327 5491 5505 5715 5912 6373 6993 7802 9144 9187 9409 9945 9968
37 420 802 981 1533 1534 1763 2175 3316 3375 3687 4176 4352 5341 5408 5637 5676 5982 6327 6482 7155 7716 7744 8071 8134 8294 8784 9367 9640 9732
38 678 872 1026 1090 2475 2709 3756 5044 5338 5368 6795 7077 7162 7626 8065 8220 8402 8680 9235
39 476 557 1219 1252 1345 1534 1542 1642 1953 2016 2074 2158 2240 2358 2613 3371 3428 3936 3958 4020 4717 4726 5064 5652 6060 6197 6198 6216 6258 6413 6699 6712 7018 7438 7751 7980 8030 9707 9848
40 81 666 873 935 966 989 1238 1613 1670 3167 3429 3684 4081 4437 5373 5658 5715 5922 6676 7681 7699 8089 8185 8506 9015 9352 9538 9602
41 221 523 557 574 1034 1042 1315 1397 1491 1721 1734 1796 2570 2666 2697 2958 2962 3249 3758 3870 5060 5186 5523 5548 5815 6213 6534 6538 6547 6798 7423 7474 9352 9522 9712
42 402 412 555 1343 2411 2653 2697 3348 3403 3515 3731 3936 3982 4035 4199 4311 4326 4834 5009 5704 6069 6154 6193 7454 7949 8156 8593 8905 9063 9301 9545
43 29 199 1105 1534 2121 2555 2705 2895 3104 3163 3687 3758 3811 3836 4100 4175 4314 4363 4377 4765 4855 5340 5594 6258 6327 6467 7120 7399 7652 7709 7762 7920 7949 7965 8179 8491 9013 9719 9846 9848 9921
44 319 420 1045 1178 1524 2431 3137 3753 4531 4975 5383 6044 6327 6359 6964 7438 7463 7581 7709 7713 8148 8360 8495 8794 8830 9086 9780
45 476 489 854 2019 3023 3588 3997 4035 4342 4583 4901 4931 4985 5307 5340 5370 5962 6101 6492 6506 7060 7422 7949 8125 8151 8429 8722 9244 9414 9829 9834
46 82 823 1043 1871 2179 3005 3116 3235 3807 4224 4813 4858 8586 8605 8990 9152 9206 9245
47 2 296 732 861 1293 1368 3349 3679 6285 6495 6538 6582 7217 7408 7828 7880 7962 8031 8793
48 131 915 2630 2871 3005 3072 3233 3814 4129 4546 5138 5180 5384 5962 6071 6074 7127 7570 7643 7652 7880 7938 8325 8361 8529 8994 9063 9129 9273 9499 9968
49 557 571 873 1354 1668 1702 1789 2128 2240 2555 2643 3485 3689 3843 4214 4314 4624 5195 5399 5558 5890 5962 6270 6587 7434 8630 8994 9301 9605 9842
50 148 259 502 1756 2155 2613 4898 4985 5350 5445 5845 6101 6300 6594 6635 6639 6962 6982 8135 8223 8444 8910 8995 9528 9633
51 626 1050 1248 1305 1439 1625 1628 2768 3104 4126 4401 4966 5064 5151 5326 5557 5762 6071 6168 6301 6613 6992 7141 7253 7485 7652 7833 7992 8392 9191 9407 9802
52 82 340 396 969 1740 2304 2717 2731 3269 3371 3836 4106 4199 4347 5038 5106 5322 6100 6248 6456 6925 6938 7699 7742 7755 8043 8114 8130 8713 8722 9244 9301
53 447 960 1145 1666 1826 1874 1956 2383 2476 3356 3416 3877 4531 4834 5113 6635 6778 6938 7442 7517 7597 7672 7699 8168 8310 8414 8549 9050 9770
54 569 1129 1241 1774 2206 2892 3461 3586 4765 5068 5440 5839 5885 5985 6495 6516 7438 7474 8579 8900 8966 9438 9535 9623 9836
55 3 356 1110 1919 2070 3003 4020 4804 4901 5061 5565 5651 7488 7855 8040 8144 8750 9120 9865
56 352 447 656 745 863 1855 2029 2943 3044 3047 3199 3745 4199 4407 4787 5492 5615 6024 6048 6437 6447 6458 6587 6662 7092 7665 7688 7880 8090 8130 8135 8293 8702 8862 9443 9487 9533
57 155 493 993 1390 2361 3972 4180 4539 5119 5601 5748 5969 7012 7473 8792 9716 9751
58 469 935 1769 1770 2191 2544 2677 3629 3732 3916 5334 6137 6479 7075 7296 8134 8300 8428 8684 8734 8756 9066 9619 9684
59 2 22 443 600 1370 3012 3572 3610 3830 4035 4043 4766 4909 4950 6230 6812 6897 7227 7989 8077 9738 9840
60 30 646 935 1016 1276 1500 3275 3386 4649 6134 6197 6800 7479 7508 7637 7903 7929 8293 8523 8673 8883 8918 9892
61 90 1122 1134 2199 2424 2900 3032 3485 3783 4896 4972 4985 5301 6153 6241 6418 6623 6834 7702 7762 8387 8653 9530
62 214 451 575 761 1299 1682 1900 2254 2496 2568 3232 3950 3982 4721 5224 5309 6381 6509 6727 7965 8102 8125 8346
63 250 1142 1175 1657 1785 2001 2640 2873 3225 5280 5390 5497 5804 5980 6541 6610 6744 6939 6992 7292 8233 8251 9370 9518 9842
64 560 2626 2712 3115 3144 4035 4802 5110 5193 5340 5863 5890 6054 6162 6538 6608 6613 6827 7026 7142 7217 7442 7709 8170 9270 9411
65 111 842 1238 1546 1574 2114 2532 3023 3371 3453 4219 4541 5078 5135 5443 5445 5451 6144 6343 6539 6547 8125 8335 8582 9042 9248 9400 9582
66 413 497 696 838 883 1075 1414 1477 2147 3074 3326 3830 4156 4377 4549 5735 5869 6074 6449 6584 6954 7306 7447 7864 8005 8043 8711 9007 9545 9798 9930
67 447 1032 1121 1871 2038 2319 2962 3393 3549 3651 4199 4309 5053 5401 5428 5903 6168 6547 6662 6722 7153 7636 7714 7759 8193 9936
68 26 983 1137 1892 2340 2551 2764 3226 3961 4080 4326 4847 4977 5677 6032 6258 6393 7075 7115 7949 8780 9717
69 157 979 1400 1425 1430 1781 1841 1918 2114 2910 3195 3210 3964 4389 4399 4728 4951 5341 6131 7012 7085 7456 7769 7777 7949 8134 8684 8729 8894 9124 9186 9244
70 2 116 212 439 1105 1119 1586 2111 2534 3163 3504 3505 3525 3648 4367 4909 5064 5386 6292 6625 7153 7296 7433 7556 8522 9032 9256 9871
71 286 732 793 921 1227 1495 1598 1668 2298 2677 2863 2897 3265 4226 6073 6547 6672 6747 6752 7131 7136 8209 8508 8578 8887 8981 9211 9330 9917
72 311 450 705 732 804 1353 1542 2798 3540 3754 3758 3841 3885 3909 4281 4457 4551 4869 5326 5698 6102 6491 7135 7713 8338 8658 8711 9270 9883
73 75 168 336 412 686 1081 1557 1929 2184 2660 3102 3263 3781 3969 4079 4294 4995 5437 5503 6082 6101 6134 6140 6218 6367 6370 6537 6889 6898 6928 7064 7699 7762 7771 8053 8387 8491 8498 8812 8852 9075 9930
74 164 410 478 834 1083 1175 1521 1569 1776 2085 3885 4786 4888 5038 5631 5715 5911 5923 6021 6298 6499 6809 7006 7120 7296 7355 7413 7710 7883 8243 8325 8358 9244 9892 9968
75 935 1697 1734 1841 2476 2485 2784 4045 4223 4271 4704 5777 6175 6213 6656 6798 6817 8062 8309 8570 8722 9096 9498 9961
76 116 609 910 1083 1247 1299 1515 1763 1788 1963 2240 2302 2805 3074 3120 3830 3841 3882 4027 4528 5451 5715 6011 6226 6718 7018 7078 7153 7221 7419 7657 8365 9296 9470 9848 9954
77 84 102 284 417 569 1125 1984 2617 2630 3061 3079 3213 3755 4168 4176 4890 5219 5301 5762 5998 6258 6404 6613 6962 6986 7151 7413 7432 7517 7732 8014 8151 8529 8589 8644 8658 8671 8784 8885 9244 9433 9901
78 247 1534 1625 1678 1686 1805 3049 3071 5060 5682 6316 6537 7004 7512 7709 8134 8722 8776 8986 9557
79 238 269 374 585 1140 1335 1524 1571 2057 2639 2872 2927 3220 3432 3758 3894 4311 4341 4985 5218 5248 5302 5748 6101 6258 6875 7127 7160 7205 7939 8753 8994 9007 9259 9317 9521 9551
80 163 214 1319 1731 1979 2043 3069 3166 3982 4625 4654 4831 6778 7461 8169 8761 9722
81 133 804 925 1042 1183 1570 1860 2240 2444 2589 3048 3144 3213 3747 4081 4340 4674 4679 4728 5441 5456 6054 6526 6625 6640 7153 7329 7429 7438 7606 7615 7713 8257 8716 9055 9129 9238 9667 9677
82 238 299 1009 1407 2662 2990 3653 3753 3842 3946 3982 4314 4514 4626 4721 4901 4985 5099 5124 5507 5869 5880 6547 6550 6963 7013 7517 7961 8279 8332 9615 9746 9798 9872
83 72 367 1780 2231 2390 2643 3008 3722 4256 4320 5232 6547 6615 6765 6952 7078 7131 7585 7652 7709 7807 8022 8167 8319 8406 8900 9299 9548
84 283 321 719 935 979 983 1044 1389 1984 2615 3022 3543 4391 4842 4941 5340 5407 5862 5962 6863 6931 7154 7751 7883 8176 8853 9025 9040 9188 9301 9493 9636 9968
85 736 1040 1058 1106 1383 1625 1757 1871 2032 2047 2470 2480 2485 3077 3637 4350 4418 5004 6170 6210 7133 7413 7443 7590 8145 8212 8248
86 152 1665 2322 2349 2462 2516 2568 3012 3535 4134 4289 4385 5117 5230 5412 5838 6734 6797 7451 7574 8005 8439 8644 8692 8966 9066 9704
87 496 937 952 1218 1495 2295 2307 2485 2496 2846 3586 4100 4314 4916 5418 5580 5815 5825 5871 6653 6669 6860 7183 7333 7513 8169 8212 8493 8994 9511 9741
88 412 437 719 1084 1555 2058 2121 2212 2288 2555 2856 2898 2979 3156 3662 3905 4212 4450 4641 5201 5412 5780 5818 6850 8031 8247 8431 9199 9872 9953
89 276 697 838 1125 2139 2263 2340 2468 2791 3590 3679 3808 4444 4624 5253 5385 5412 6054 6986 7037 7296 7321 7476 7545 7707 8286 8306 8373 8552 8831 9293 9669 9820
90 427 605 926 1208 1554 1919 2266 2298 3715 4175 4226 4244 4847 5555 5790 6385 6547 7659 7752 8183 8844 8904 9483
91 427 447 928 1356 1585 1668 2555 2600 2643 2856 3053 3074 3092 3545 3967 4271 4946 5547 5849 6303 6403 6421 6973 6975 7101 7202 7762 8081 8586 8604 8836 9261 9971
92 165 718 2136 2240 2438 3330 3529 3553 4180 4629 4699 4840 4971 5268 6035 6551 6565 6938 7699 7874 8058 8516 9265 9464 9716
93 517 787 1113 1134 1571 1625 1867 2569 3278 3325 3717 4334 4743 5906 5917 6005 6187 6393 6889 9007 9075 9185 9224 9421 9604
94 369 839 1093 1379 1470 1668 2052 2112 2123 2144 2902 3173 4056 4909 5322 6327 7090 7288 7902 7949 7992 9292 9705 9858 9903
95 79 788 1668 1710 2668 3074 3836 3943 4264 4654 5171 5287 5604 5856 6797 6847 6855 7203 7233 7447 7622 7883 8343 8403 9205 9780
96 183 366 1901 2274 3643 3877 3936 4414 4624 4958 5176 5643 6101 6537 6651 7024 7240 7652 7668 7718 7971 8116 8387 8620 9075 9299 9316 9834
97 7 321 477 708 955 1267 1721 1772 2860 3007 3020 3111 3320 3584 4057 4224 4391 4429 5078 5268 5715 6044 6674 7108 7183 8248 8267
98 257 567 876 2240 2736 2865 3012 3192 3716 5307 5567 5720 6581 6631 7164 7191 7652 8828 9411 9692
99 152 188 299 462 734 1080 1299 2121 2155 2611 3261 3727 3747 4330 4423 4648 5639 6185 6415 6834 8104 9465 9869
100 34 287 447 789 979 1192 1498 1739 1937 2018 2212 2288 2293 2746 4020 4280 4346 4364 4501 5194 5708 5917 6827 7079 7241 7296 7883 8722 9160 9252 9265 9545
101 77 101 571 796 822 1464 1492 2604 2615 3106 3276 3950 4314 4352 5589 5679 5800 6001 6083 6849 7276 7285 7439 7550 7880 8307 9681
102 225 369 792 895 912 1017 1924 2114 2647 3111 3755 4679 4871 5064 5355 6352 6465 6630 7205 7312 7438 8074 8329 9271 9616
103 238 564 765 969 1289 1411 2444 2480 2808 2906 3036 3241 3386 3567 3932 3936 4710 5005 5211 6347 7203 7234 7413 7458 7556 7893 8949 9013 9598 9787 9990
104 174 753 2128 2155 2652 3163 3371 3522 3543 3630 3909 4047 4400 4616 5240 5316 5863 5894 5933 6075 6537 6584 7007 7293 8260 8431 8649 8831 8939 9256 9357 9755 9852 9943 9982
105 122 450 719 786 1377 1752 2537 2650 3012 3013 3025 3255 3290 4561 4658 4954 4957 5334 5445 6054 6101 6423 7173 7219 7240 7320 7586 7670 7732 7956 7975 8452 8465 9075 9312 9548 9692 9903
106 543 1357 1570 1757 2582 3303 6734 6894 7079 8258 8991 9514 9848
107 159 300 412 1831 1950 2215 2790 2961 3254 3758 4511 5138 5755 5855 5957 6141 6170 6960 7968 8071 8391 8830 8891 8919 9137 9606 9632
108 529 540 979 1105 1364 1971 2324 2379 4679 4901 5006 5219 5341 5412 5704 6110 6126 6160 6327 6428 7296 7622 7713 8431 8462 9163 9453 9665
109 671 716 871 1586 2904 3222 3553 3699 3718 3790 4464 4793 5269 5286 5307 5831 5896 6789 7351 7517 7575 7858 8254 8495 9031
110 157 259 1112 1213 1348 1397 1436 1581 1680 1934 1956 2234 2753 3035 3144 3261 3504 4020 4985 5053 5141 5248 5386 5584 6547 6881 7284 7429 7647 7949 7967 8125 8214 8362 8598 9224 9404
111 238 738 925 1429 1557 2422 2879 3101 3102 4102 4320 4507 5458 5848 6413 6467 6503 6717 6825 6986 7228 7481 7709 7880 7955 8019 8078 8300 9013 9071 9299 9449 9593 9676 9848 9917
112 352 420 732 1105 1273 1682 1864 2018 2176 2278 2634 2855 3100 3586 3700 3982 4035 4284 4352 4823 4972 5451 5465 6331 6336 6373 6584 6949 7044 7127 7133 7713 7997 8431 8495 8600 8932 9608 9667 9968
113 278 882 935 1071 1668 1839 1852 2433 3012 3145 3193 3936 4102 4672 4865 5161 6251 6459 7240 7921 8405 9063
114 2 79 126 257 504 819 1358 1534 1633 1984 2121 2666 2860 3101 3937 3950 4340 5063 5399 5507 6258 6323 6613 7310 7874 8167 8251 8515 8618 8696 8700 8812 9167 9216 9616 9723
115 238 321 538 678 745 1204 1631 2218 3813 5966 5996 6077 6643 7889 8146 8441 8652 8765 8793 8870 9091 9124 9381 9515
116 396 1134 1750 1984 2340 2463 2842 3530 3565 4159 4180 5027 5152 5307 6034 7291 7517 7715 7852 8145 8236 8487 8644 9398 9481 9746
117 935 2013 2197 2307 2734 2986 3024 3163 4558 5014 5115 5715 5962 6516 6789 7120 7174 7296 7699 7703 8308 8622 9545 9609 9842
118 2 660 1216 1479 1904 2318 2555 2586 3058 3343 3416 3882 3894 3998 4317 4416 4799 4840 4939 5387 5636 6054 6261 6643 7154 7896 8027 8220 8295 9086 9659 9965
119 148 176 505 987 1125 1133 1134 2255 2327 2537 2739 2876 3047 4274 4873 4985 5101 5466 6021 6467 6496 6547 6584 6738 7138 7759 8756 8810 9034 9589
120 134 352 376 454 1571 2226 2331 2982 3184 3521 3538 4112 4176 4909 5788 6155 6369 6404 6467 7153 7633 7699 8406 8491 8905 9065 9335 9494 9936
121 178 901 1097 1265 1984 3084 3352 3885 4277 4285 4591 4720 4875 5090 5247 5307 5688 6467 6566 6817 6821 7732 7860 8203 8470 9192 9615 9775
122 295 468 668 1523 2932 3454 3547 3697 4311 4314 4633 4855 5027 5245 5318 5343 5708 5917 6332 6560 6787 6938 6970 7156 7240 7664 7669 7912 8658 8733 9178 9199 9374 9912
123 300 626 842 1305 1476 1478 1533 1562 1593 2327 2818 2857 2988 3074 3153 3158 3454 4069 4526 4726 5386 5788 6528 6538 6578 6702 6817 7133 7706 7829 8891 9087 9144 9354 9431 9988
124 199 238 1003 1259 1299 1391 1444 1642 1711 1722 1848 1933 2002 2647 2704 3652 3783 3981 4352 4774 5163 5307 5445 5636 5762 5989 6326 6896 7037 7072 7088 7179 8951
125 425 883 1794 2199 2344 3460 4989 5052 5502 5504 5662 6900 6939 8154 8674 9040 9187 9545 9738 9786
126 366 501 552 1255 1290 1352 1524 1579 1615 1736 2165 2171 2783 3111 3256 3364 4780 4941 5248 5442 5500 5917 6226 6327 6827 7652 7684 7709 8812 8830 8930 9036 9042 9149 9197 9533 9874
127 199 278 1454 1724 2210 2340 2904 3111 3521 3567 4020 4110 4170 4624 4737 5138 5526 5746 6261 6376 6507 6691 7482 7811 7883 8134 9073 9407 9412 9451
128 118 683 960 1223 1850 2505 2607 2895 2983 3032 3157 3509 3631 3703 4060 4084 4230 4414 4813 4855 4948 5326 5661 5848 5869 6262 6743 6827 6925 6954 7698 7747 7845 8716 8830 8855 8977
129 2 385 965 1787 1979 1988 2128 2349 3936 4705 5073 5533 6181 6938 7021 8233 9404 9694
130 353 447 487 502 583 713 1112 1295 1789 2707 3783 3870 4311 4348 4481 4531 4901 5198 5316 5330 5662 5762 5869 6492 6949 6978 7153 8284 8406 8969 8985 9089 9174 9442 9533 9904
131 369 1614 2458 2892 2926 4198 4222 4226 4450 4573 4831 4909 4977 5030 5307 5446 5519 6155 6282 6327 7013 7285 8105 8140 8423 8874 9619 9679 9989
132 259 360 1144 1495 1585 1907 2227 2240 3048 3243 3316 3392 4070 4087 4159 4188 4375 5239 5593 7579 8724 9007 9380 9688
133 283 545 745 1105 1121 1290 1367 2150 2486 2892 3320 4234 4607 4610 4798 5109 5259 6144 6168 6445 6576 6604 6986 7105 7136 7425 8062 8470 8683 8722 9132 9323 9576
134 1763 2088 3343 3481 3528 3622 3982 4341 4418 5742 6054 6115 6358 6427 6454 6538 6613 7513 7609 7639 7951 8365 9693 9887
135 25 78 670 930 1075 1317 1956 2034 2155 2894 3051 3568 3653 3877 4566 6728 6938 6986 7285 7675 7713 7769 7820 7880 7949 8150 8894 9461 9861
136 781 1095 1721 1774 2196 4107 4730 4745 4777 5107 5577 7363 7930 8515 8910 9230 9440
137 34 423 748 2761 4714 4880 5367 5511 6134 6613 8462 8587 9462 9545 9781 9850 9911
138 647 1650 1796 2103 2125 2986 3074 3233 4211 4851 5064 5559 5880 6570 7444 7550 7762 8056 8181 8193 8710 9197
139 412 616 929 935 1066 1208 2288 2952 3263 3521 3557 4470 4786 5345 5748 6030 6062 6326 6937 7048 7628 7880 8609 8890 9139 9199 9224 9930
140 3 447 818 921 1469 1907 2666 2848 3474 3590 3664 4176 5437 6257 6285 6434 7224 7742 7792 8532 9224
141 349 753 1186 1625 1775 2121 2340 2491 2962 3074 5346 5396 5437 5637 6048 6141 6672 6676 6766 6859 6916 7055 7069 7285 7438 7699 8012 8789 9007
142 412 601 989 1156 1238 1685 1752 2077 2168 2736 2904 3219 3726 4614 4639 4684 4731 4855 5138 5219 5391 5459 5583 6030 6089 6334 6336 6387 6778 7178 7537 7728 9988
143 79 1107 1299 1557 1571 2121 2431 2704 2937 3862 4294 4401 5293 5300 5748 6021 6087 6141 6303 6467 6724 7179 7180 7296 7652 7732 7806 7936 8270 8476 8491 8716 9483 9607
144 240 1917 2555 3476 3743 3858 3983 4798 5949 5962 6982 7461 7477 7956 8554 8585 9887 9993
145 1383 2240 2288 2393 2731 3012 3015 3044 3375 3411 3830 3877 4178 4647 5323 5343 5507 5607 5687 6139 6635 6692 6750 6909 6961 7101 7474 7652 7708 8044 8498 8918 9007 9235
146 569 2972 3084 3831 4737 4985 5156 5846 5982 6126 6355 6528 6668 6800 7513 8172 8410 8543 8728 9110 9164
147 550 691 782 820 1042 1105 1343 1963 2896 3015 3736 3885 4884 4985 5112 5340 5523 5605 5693 5869 6391 6744 7040 7078 7146 7351 7694 7713 7772 8344 8554 8807 8980 9007 9521 9791 9968
148 1085 1383 1426 1567 1646 1696 2183 2215 2240 2856 2898 3054 3074 3111 4053 4497 4707 4731 5407 5885 6061 6555 6827 6942 6986 7325 7361 7438 8193 8644 8733 9652
149 979 1317 2299 2305 2670 2986 3060 3316 4385 4407 4803 4901 4966 5014 5768 6592 7547 7599 7631 7672 8358 8646 8766 9710 9826
150 150 716 782 1668 2697 2817 2923 3061 3580 4199 4418 4720 5343 5351 5401 5520 5715 5922 6101 6523 6744 7536 7874 8025 8130 8263 8910 9260 9600 9842 9904
151 66 979 2007 2302 2555 2612 2908 3672 3991 4285 4526 4924 5169 5558 6030 6321 6919 7153 8498 8677 8722 9102
152 108 205 219 238 369 551 1145 1335 1454 1562 1912 2152 3579 3830 4043 4054 4347 4855 5429 5660 5848 6154 7153 7379 7566 8406 8775 9137 9139 9538 9675 9842
153 183 367 780 1049 1606 1849 2340 2365 2890 3877 4238 5710 5862 6482 7001 7240 7946 8298 8386 8425 8427 8862 9164 9305 9777 9831
154 523 1678 2113 2414 2827 2965 3728 4735 4815 5086 5703 5762 5840 5857 6291 6683 7591 7822 8431 8711 9265 9316 9795 9994
155 205 259 281 446 559 1142 1218 1353 1465 1496 1642 1752 1971 1986 2288 2552 2855 2962 3776 4093 4923 5129 5541 5677 5748 6283 6305 6390 6584 6672 6680 7193 7206 7517 7610 7713 7765 7852 7949 7960 8193 8431 8644 8980 8994 9007 9075 9199 9510 9533 9573
156 311 569 992 2340 2877 3482 3629 4377 5068 5192 5280 6688 6895 7602 7880 7979 8092 8736 8958 9351 9418 9424 9431 9842
157 135 316 926 1355 2003 2869 3566 3733 5204 5467 6401 7296 9112 9244 9990
158 79 925 1049 1301 1763 1950 1986 2929 3012 3021 3379 3521 3869 3936 4354 4491 5245 5670 5860 5989 6044 6734 6752 7099 7179 7400 7688 7759 7782 7852 7961 8212 8320 8431 8639 8812 9075 9085 9094 9335 9453 9704 9961
159 105 145 420 871 993 1353 1756 2601 3036 4077 4352 4704 5335 5379 5477 5674 5735 5784 6410 6460 6934 7673 8242 9624
160 199 365 503 729 1134 1471 1531 1675 2555 2577 2986 3114 3494 3521 3830 3836 4241 4744 4903 4995 5045 5862 5869 5896 5962 6124 8552 8780 9187 9533
161 69 352 719 1056 1195 1383 1661 2160 2190 2227 2341 2900 2962 3422 3552 3576 3843 4284 4584 5063 5244 5553 5713 7367 8461 8601 9594
162 272 472 718 1169 1665 1713 1860 2685 2979 3103 3600 4378 5192 5340 5391 5748 5896 6030 6401 6938 7949 8821 8994 9098 9270 9820 9990
163 257 1125 1263 1299 1608 1871 2630 2943 3013 3020 3259 3530 3634 3935 5446 5677 6020 6482 6675 6787 7001 7127 7133 7173 7413 7556 7888 7904 7968 8230 8406 8803 8998 9139 9224 9265 9398
164 917 1032 1809 1871 1987 2209 2603 3102 3186 3326 3969 4505 5330 5389 5465 5962 6134 6680 7163 7219 7365 7410 7606 7861 7932 8029 8862 8994 9048 9132 9476 9728 9834 9968
165 625 637 1394 1496 1683 2240 2264 2463 2682 2892 3998 4377 4529 4914 5216 5948 6134 6224 6467 7133 7709 8163 8387 8406 8599 8688 8964 9129 9301 9583
166 583 687 868 945 2666 3338 3383 3926 4314 4801 4909 5134 5677 5732 5867 6088 6622 7762 7854 8125 8495 8716 9129 9178 9270 9301 9453 9705 9708 9723
167 412 684 1289 1323 1365 1722 1774 1831 2286 2299 2712 3023 3772 3880 4983 5467 5775 6359 6377 6838 6963 7213 7296 7438 7517 7519 7732 7833 7880 8142 8209 8572 8711 9316 9463 9903
168 206 933 1608 1873 1963 2437 2764 2792 2809 5288 6087 6140 6176 6254 6401 6456 6567 6718 7087 7541 7569 8293 9023 9671 9842 9986
169 139 358 511 524 1363 1868 1918 2446 2643 2676 2767 4314 4326 4799 5044 5572 5785 5801 6258 6477 6666 6692 6920 7413 7807 7889 7971 8146 8562 9015 9075 9129 9159 9224 9791 9936
170 260 397 935 1534 1984 2204 2344 2752 3089 3486 3656 4541 5164 5251 6054 6337 7198 7733 8272 8850 9327 9549 9619 9707
171 13 58 321 1341 1731 2326 2740 2871 3015 3163 3230 3374 3745 4171 4622 4797 5163 5442 5507 5609 5880 6020 6092 6622 6861 7652 7709 8109 8406 8493 8812 8814 9036 9215 9265 9501 9758 9789
172 2004 2299 2690 3012 4031 5762 6002 6374 6639 7294 8125 8421 8991 8992 9102 9256
173 79 354 901 2288 2696 3012 3023 3050 3134 3453 3802 4354 4698 4924 5552 5647 6627 7029 7053 7071 7086 7126 7153 7499 7709 7949 8304 8414 8773 9605 9843 9858
174 958 1026 1095 1619 1972 2137 2698 2986 3032 3316 3606 4797 5077 5528 5631 6054 8367 8373 9621 9706
175 238 250 321 952 1004 1649 1924 2595 3074 5064 5138 5465 5907 6214 6409 6615 6727 6843 7156 7737 7788 8092 8103 8416 8528 8837 8982 9470 9667 9970
176 193 321 1343 1524 1800 2531 2898 3429 3807 3936 3990 4236 4487 4532 5582 5869 5961 6296 6458 8975 9659 9862
177 400 742 835 1237 3163 3543 4087 4232 4359 4379 4610 4788 5880 6595 7262 7677 8134 8248 8293 8692 8829 9129 9736
178 643 670 1106 1246 1496 1606 1869 1960 2189 2327 2329 2693 3240 3427 3885 4148 4975 5099 5412 6049 6145 6343 7210 7736 7961 8077 8133 8134 8834 8994 9273 9691
179 1791 1898 2239 2240 3116 3691 5308 5831 6258 6449 6706 7197 7456 7561 7765 7826 7883 8125 8989 9543
180 137 650 691 1130 2155 2533 2586 2690 3146 3316 3447 3602 3766 4035 4037 4337 4836 5433 5520 5869 6188 6416 6677 6795 7759 7859 7968 8130 8442 8670 9392 9733
181 255 393 574 1760 1800 1934 2008 2288 2444 3665 3904 5412 5743 6735 6834 7162 7433 8676 9348 9637 9649 9717
182 719 776 1213 1741 2417 2643 2732 2863 2986 3297 3543 4033 4045 4487 4844 5132 5186 5260 5412 5715 5762 5921 6358 6460 6778 7675 7736 7949 8263 9139 9740 9825
183 2 332 765 847 865 882 1043 1149 1528 1831 2128 2327 2546 2732 2865 3135 3432 3476 3812 3820 4575 4614 5219 5494 6670 7630 7739 8227 8824 8936 9023 9265 9443 9846 9991
184 499 1276 1668 2096 3023 3109 3894 4129 4284 4907 5345 5738 5848 6262 6808 6953 7045 7261 7547 7637 7795 7902 8021 8198 8947 9309
185 355 447 916 953 1306 1641 1644 2818 3111 3121 3268 3276 3395 3575 3909 4264 5085 5129 5429 5502 6086 6123 6491 7146 7153 7598 8488 8920 9129
186 857 949 979 1587 1607 1610 1658 2327 2343 2904 3081 3524 4053 4559 4974 5119 5553 5796 5843 6867 6895 6938 8332 8502 9627 9848 9961
187 427 794 866 1330 1752 2032 2209 2327 2404 2505 2578 3376 3743 3910 4117 4664 5565 5913 6161 6187 6305 6454 6555 6616 6651 6798 7039 7151 7713 7950 8803 8829 8841 9253 9842
188 66 139 427 759 1127 1428 1538 1550 2116 2157 4362 5030 7023 7027 7040 7110 7678 7680 7864 8549 8714 9444
189 53 76 183 268 521 933 1367 1583 2335 3586 4253 4276 4326 4795 5340 5726 6262 6326 6334 7683 7775 7864 7880 8313 8888 9080 9558
190 202 278 412 734 1332 1984 2215 3269 3510 3543 3942 4035 4624 4866 5145 5164 5738 6197 6274 6623 6631 6675 7489 9075 9244 9649 9654 9800
191 267 330 1956 2223 3666 4155 4273 5341 5644 5651 6067 6519 6626 7136 7864 8755 9841
192 390 771 1041 1463 1625 1750 1986 2323 3220 3497 3543 4326 4828 5437 6417 6613 6827 6867 6871 6938 7120 7413 7476 7762 7983 8078 8116 8147 8294 9186 9199 9301 9313 9848
193 405 935 2125 2288 2643 3072 3207 3766 4624 5198 5216 5445 5481 5863 6687 6722 6739 7342 7385 7449 7454 7788 7893 8005 9169 9379 9395 9842
194 80 116 992 1814 2002 2121 2340 3860 3877 4352 4400 4526 4988 5141 5666 5880 5893 6537 6778 6827 7652 7944 8008 8140 8181 8604 9219 9643
195 183 427 625 1495 1552 1871 2804 2904 2962 3077 3584 3664 3839 3976 4070 4858 4963 4985 5180 5362 5771 5907 6453 6509 6554 7496 8402 8700 8711 8966 9007 9311 9615 9656 9777
196 148 178 321 417 753 1984 2109 2327 2612 2704 3314 3370 3427 3657 3758 3853 4015 5038 5443 5715 6030 6201 6584 7326 7732 8052 8711 9013 9247 9453 9582 9703 9896
197 377 1092 1353 2010 2141 2308 2396 3243 3877 3882 3894 3895 4259 4690 4909 5869 5928 6334 6412 6544 7024 7474 7622 7822 8125 9160 9244
198 307 475 1067 1601 1710 1932 2186 2264 2544 3007 3109 3203 3226 3425 3493 3726 3752 3756 3897 4414 4828 4928 5141 5340 5668 5861 6537 7409 7709 8254 8342 8912 8930 9281 9842
199 139 668 770 796 1154 1299 1375 2339 3371 3670 4039 4293 4857 5101 5260 5477 5710 6186 7526 8340 8533 9199 9416 9558 9657
200 183 362 420 935 973 2128 2191 2274 2353 2555 2745 3077 3100 3135 3210 3789 4199 4264 4311 4584 4664 4985 5080 5383 5412 5964 6731 6827 6875 6924 6938 7038 7177 7575 7683 7859 8556 8685 8830 9903
201 352 626 758 1179 1343 2141 2247 2539 2608 2611 2986 3745 5597 5662 6258 6537 7023 7570 7602 7681 7686 7699 8036 8140 8235 8342 8345 8973 9007 9160 9580 9623 9843
202 10 257 519 1060 1625 2107 2127 2423 2634 3521 3586 3609 4531 4842 5003 5125 5636 5922 6414 6584 7561 7807 7883 9244 9805
203 136 447 819 1064 1150 1656 2005 2424 2562 2894 3376 3493 3781 4170 4686 4760 4878 5232 5239 6155 7213 7419 7769 7933 8268 8580 8848 8871 9270 9279
204 177 324 1154 1282 1598 1705 2062 2735 2865 3114 3381 3403 3631 4468 4695 5440 6051 6698 6869 6953 7756 7851 8053 8220 8406 9026 9807 9918
205 272 863 1072 1668 2680 2986 3188 3479 3857 4170 4340 4431 4539 4693 4967 5307 5322 5775 6641 7030 7088 7285 7669 7709 8284 8507 8599 8686 9198 9271 9493
206 19 1668 1893 2288 2340 2533 2674 3080 3203 4037 4210 4314 4520 4534 5391 6050 6251 6613 7185 7217 7560 7883 8005 8143 8491 9374 9407
207 755 985 1174 1405 1644 1647 1892 2668 2740 3098 3110 3190 4035 4289 4709 4948 6283 7141 7323 7364 7442 8121 8967 9129 9236 9624 9655
208 76 269 358 405 427 625 726 1149 1327 1343 1948 2292 2707 3103 3305 3543 4034 4065 4418 4531 4544 5322 5566 5703 6105 6188 6222 6302 6587 7133 7331 7762 7929 7977 8453 9990
209 352 1253 1835 2160 2439 2643 2709 4402 4496 5218 5339 5481 6654 6707 7254 8484 8527 8798 9930
210 56 259 340 730 745 900 915 956 1611 1647 1774 2264 2696 3842 3877 3944 4313 4531 4671 4893 5304 5413 6054 6355 6473 6477 6613 6619 7240 7439 7618 7852 8256 8671 8947 8982 9236 9357 9425 9633 9668 9965
211 132 365 738 1501 2026 2125 2781 3792 4680 6054 6627 7131 7204 7316 7564 8284 8315 8881 9041 9116 9247 9449 9645
212 394 569 722 1153 1478 1774 2741 2822 3656 3762 3784 4486 4529 5358 5861 5875 6295 6479 6860 7072 7254 7740 7904 8130 8287 9248 9997
213 284 1625 1784 2104 2305 2603 3606 5217 5416 5546 5638 5698 5719 5894 6316 7007 7880 8615 8969 9238 9405
214 244 517 613 1145 1668 2382 3121 3441 3581 3750 4162 4401 4437 4737 4843 4893 4983 6163 6355 7120 7219 7240 7318 7509 8293 8387 8451 8571 8920 9453 9481 9721 9834
215 569 896 1045 1055 1901 2167 2240 2713 3783 3835 3877 3975 5179 5187 5953 7252 7457 7613 8387 8994 9579 9621
216 116 450 1048 1299 1774 1877 1900 1985 2624 3506 3753 4110 4782 5631 6262 6320 6344 7038 7486 7762 9086 9168 9318
217 14 883 1079 1429 1510 1775 1979 3184 3729 4218 4308 4414 4771 5412 5552 5607 6049 6225 6283 6327 6619 6652 7055 7266 7762 7769 8363 8491 9029 9559 9586 9964
218 79 247 410 455 1197 1611 2327 2643 3032 3129 3362 3602 3901 4282 4352 4765 4901 4967 5061 5628 5773 6174 6853 6913 7808 7949 8069 8185 8673 8733 9007 9050 9129 9491 9862
219 100 138 157 412 847 1125 1763 1774 2016 2055 2895 3231 3240 3772 4007 4078 4192 4358 4453 4636 5124 5239 5748 5899 6980 7240 7296 7790 8142 9015 9075 9139 9283
220 468 861 1122 1401 2938 3163 3681 3700 3750 4129 4241 4402 4514 4548 4823 5698 5762 5813 6042 6298 6365 6451 6621 7034 7044 7413 8209 8223 8239 8670 8856 9395 9842
221 352 698 2190 2610 2892 3012 3128 3144 3165 3626 3779 3783 3964 4786 4916 4958 5080 5212 5328 5454 6403 6415 7135 8722 9286
222 205 312 343 472 2016 2072 2092 3316 5507 6044 6082 6103 6364 6584 7438 7909 7949 8601 8753 9119 9139 9172
223 1097 1149 2214 3936 4336 4346 4494 4792 4821 5848 6101 6211 6391 6418 6613 6827 6986 7285 7406 7429 7438 8205 8798 8807 9730 9969
224 34 79 310 872 1059 1763 1931 2294 3023 3584 3665 4036 4857 4985 5095 5445 5548 5647 6049 6077 6465 6534 6544 6613 6767 6967 7372 7426 7575 7617 7709 7813 8491 8634 8994 9453 9511
225 140 1405 2128 2589 3004 3157 3404 3856 3877 3967 4368 4411 5433 5560 6360 6608 6673 6693 7736 8062 8498 8629 8797 8910 8927 8994 9027 9461
226 211 307 412 712 850 1242 1373 1383 1429 2264 2275 2904 3080 3088 3249 3543 3557 3905 4015 4035 4168 4238 4326 4886 5026 5340 5756 6417 7142 7296 7719 7732 7864 8431 8710 8832 8838 9178 9197 9299 9385 9852 9953
227 207 232 1255 1323 1465 1560 1566 2797 3313 3801 3830 4077 4179 4824 5088 5326 5456 6458 6537 7219 7992 8089 8119 8484 8605 8837 8859 9359 9832 9858
228 116 246 267 402 1625 1793 2647 2655 2892 2990 3128 3379 3545 4349 4470 5637 6044 6195 6539 6611 6706 6778 7133 7786 8027 8429 8470 8812 8883 8888 9129 9573
229 425 767 979 1129 1562 1826 2244 2737 2885 3110 3262 3337 4199 4372 4433 5278 5402 7694 8450 8538 8556 8685 9364 9377 9646 9666
230 606 642 949 1265 2232 3956 4199 4423 4561 5206 5787 5802 5897 5904 6143 6161 6377 6465 7396 7447 7949 7970 8098 8375 8384 9007 9188
231 102 805 1014 1329 1406 2666 2699 2986 3023 3316 3543 3702 3726 4377 5543 5693 5715 6398 6519 6986 7270 7575 8418 8582 8670 8728 9013 9197 9199 9440 9692 9834 9842
232 2353 2512 2526 3178 3186 3433 3672 4702 5351 5526 5867 6320 6922 6981 7767 8564 9163 9369 9821
233 115 246 427 490 946 1668 1979 1980 2454 2576 2681 3012 3032 4020 4035 4699 4746 5412 5435 5592 5715 5777 7443 7762 8377 8994 9138 9336
234 733 1496 2650 3700 4963 5099 5604 5700 5726 6945 7316 7691 8052 8125 8419 8493 8699 8789 9215 9264 9384 9407 9476 9710 9758
235 1181 1675 1953 2185 2194 3391 3720 3817 4959 5583 6126 6313 6487 6639 6952 7000 7314 7321 8015 8532 8716 8733 8994 9279 9816
236 111 139 183 732 1234 1327 1731 1754 2750 3219 3982 4368 4869 6101 6154 6327 6613 7099 8198 8342 8491 8608 8716 8863 8912
237 83 441 1140 2028 2516 3022 3309 3603 3982 4020 4057 4771 5295 5413 5541 5801 6468 8037 8203 8428 8693 9010 9086 9325 9368 9573 9606
238 55 135 404 609 625 752 829 1132 1353 1668 3505 3764 4358 5190 5308 5348 5429 6101 7247 7473 8227 9071 9847
239 334 843 1125 1353 1586 1598 2615 2790 2962 3500 4031 4150 4494 4984 5121 5129 5326 7219 7791 8130 8180 8267 8361 8848 9139 9302 9873
240 239 1056 1289 1686 2192 2382 2744 3006 3149 3561 3715 3827 4199 4416 4995 5192 5468 5525 5748 6374 6437 7088 7296 7336 7575 8022 8533 8580 9094 9115 9997
241 79 796 863 1287 1905 2047 2113 2237 2322 2422 3117 3134 3715 3729 3877 4313 4612 5277 5986 6170 6301 6604 6674 7204 7429 8284 8498 9273 9842 9845
242 252 365 881 916 1032 1281 1979 2192 2345 2808 2951 2962 2972 3058 3089 3507 5132 5880 6223 6338 6831 8133 8134 8931 8964 9040 9545 9580 9627 9968
243 2 65 131 703 1345 1876 1890 2232 3297 3812 4278 4326 5260 5547 6236 7754 9305 9772 9845
244 76 79 1224 1343 1524 1674 2407 2718 3163 3343 3783 4377 4901 5258 5307 5395 5471 5972 5998 6030 6244 6598 6786 7429 7968 8324 8400 8644
245 489 1451 1944 2123 2192 2643 2753 3034 3293 4372 6258 6565 7333 7434 7451 8362 9341 9842 9884 9964
246 569 1183 1215 1625 1654 1774 1849 2106 3074 3348 3376 3586 3684 5241 5917 5993 6018 6038 6459 7012 7240 7545 7852 8214 8275 8284 9138 9603
247 117 295 1587 2393 2412 2962 3153 3220 3392 3454 3795 4168 4717 5584 6061 6530 6883 7392 8260 8668 9735 9802 9871
248 203 330 1153 1441 1452 1797 1963 1987 3005 3249 3530 3547 3657 4282 4372 4439 5356 5839 6067 6802 7041 7221 7997 9007 9324 9968
249 447 666 964 1212 1572 1776 2100 2591 3032 3054 3151 4123 4193 4333 5003 5863 6354 6414 6839 7053 7509 7652 7696 7949 9139 9181 9337 9741
250 569 838 935 997 1270 3172 3441 3867 4340 5817 6331 6511 8222 8477 8703 8833
251 279 880 901 1101 1370 1429 1534 1940 1979 2555 2958 3053 3313 3543 3696 4372 5531 6800 6809 7240 7545 7896 7955 8017 8185 8698 8748 9244 9409 9521 9734 9742
252 132 802 813 1058 1299 1439 1457 1984 2143 2183 2345 2499 2551 2713 3307 3463 4269 4314 4369 5329 5339 6134 6401 6428 6592 7160 7167 7634 8491 8844 9080 9481
253 427 485 528 780 1848 2155 2704 2986 3158 3203 3215 3376 3468 3648 3811 3950 4180 5818 6300 6554 6662 7200 7753 7756 7997 8043 8236 8410 8934 9133 9523 9764 9942
254 90 148 399 625 761 928 1534 1581 1796 2540 2883 2986 3074 3114 3561 3596 3970 4311 4737 5564 5762 6082 6469 6584 7285 7413 7459 7736 7977 8390 8406 8442 8711 9253 9451
255 780 798 1041 1774 1776 1934 2137 2201 2810 3270 3563 3729 4513 6001 6184 6376 6377 6464 7059 7088 8293 8570 9107 9265 9505 9842 9995
256 168 713 1137 1644 2185 2384 2439 2784 3012 3053 3380 3702 3856 4311 4697 5572 5849 6129 7791 8309 8605 8876 8887 9014 9197 9215 9586 9632 9830
257 264 1242 1952 2203 2590 2653 4822 4837 4898 6029 6256 6977 7170 7752 7951 8252 8418 8832 9057 9947
258 408 1790 1807 1859 1956 2182 2539 2690 3229 3620 3839 3985 5351 5589 5848 6054 6270 7767 7922 8043 8421 8573 8644 8889 9160
259 249 400 641 823 1273 1879 1892 3932 4107 4687 5286 5507 5821 5889 6157 6759 6778 7856 8125 8876 8959
260 39 151 172 273 667 1058 1330 2002 2013 2489 2711 3046 3634 3830 3894 4004 4574 5430 5483 5507 5896 6044 6458 6640 6675 6920 8371 8414 8601 9007 9211 9917
261 569 765 862 912 944 1774 1933 2543 2704 3064 3154 3578 3755 4400 4494 5149 5442 5696 6032 6051 6290 7405 8406 8744 8932 9130
262 183 321 567 590 979 2105 2111 2340 2474 2902 2904 3032 3074 3188 3232 3853 4011 4636 4669 5098 5234 5630 5794 6057 6321 7699 7881 8109 8566 8600 8831 9200
263 760 1034 1079 2962 3244 3309 3877 4071 4352 4870 5082 5150 6445 6691 6875 7289 7438 7618 7779 7791 7970 7980 8221 8236 9130 9197 9244 9586 9668 9957 9965
264 1224 1774 2189 2270 2407 3163 3296 4308 5241 5658 5889 6381 6692 7296 7355 7703 7730 8239 9939
265 14 930 935 953 1613 1668 1697 2323 2630 2643 2653 3757 3885 3989 4068 4300 4377 5437 6351 6737 6896 6918 6999 7183 7266 7438 7485 8320 8498 8503 8794 9075 9268 9325 9461 9655 9940
266 340 444 979 1121 1571 2114 2161 2278 2456 2555 2578 2927 3304 3691 3876 3894 4206 5910 6011 6271 7692 8198 8460 8471 8722 8812 9135 9428
267 32 141 487 732 979 1247 1496 1752 2128 2240 2643 2962 3032 3414 3670 3714 4216 4944 4985 5507 5730 6186 6195 6670 6778 7153 7296 7841 8058 8111 8387 8427 9255 9540 9764 9930
268 3 412 467 730 767 1423 1978 2446 3092 3199 3539 4093 4664 4819 5064 5240 5468 5816 6189 6370 6376 7652 7699 8131 8284 8506 8508 8770 8810 9007
269 420 569 713 935 1117 1413 1668 2070 2149 3597 3656 4071 4455 4457 4811 4909 5407 5412 5821 5848 5913 6049 6267 6404 6511 6613 6695 6953 7120 7198 7296 7438 7673 8183 8290 8598 8716 8770 8891 9467 9510 9646 9990
270 420 450 1223 2574 2630 2968 3111 3135 3758 4069 4361 5265 5657 6161 6287 6834 6993 7504 7884 8014 9781
271 130 200 276 420 1195 1329 1339 1780 2013 2966 3006 3043 3074 3147 3290 3354 3582 3637 3751 3758 4002 4988 5005 5913 6057 6092 6189 6260 6324 6330 6584 6696 7749 7899 7984 8522 8922 9414
272 210 329 352 1469 1912 1923 2260 2298 2324 2578 2856 3889 4721 5421 5444 5514 6084 6295 7699 8257 8708 9101 9654
273 483 1354 1710 2594 3099 3510 3691 3936 4537 4571 5064 5715 6219 6620 7043 7137 9114 9826
274 202 205 532 979 1353 1361 2288 2711 3491 3936 3984 4020 4326 4837 5149 5156 5569 5848 6029 6134 6196 6239 6281 6567 7219 7575 8026 8519 8539 8644 8782 8978 9030 9244
275 83 456 496 695 726 790 1317 1668 2468 3043 4727 5248 5531 5798 7575 8134 8247 8258 8514 8793 9007 9357 9898 9994 9995
276 148 311 935 1103 2005 2358 2968 3172 5019 5241 5555 5604 5871 6306 6582 6933 6996 7034 7541 8022 8486 8530 8651 9252 9932
277 168 686 895 1332 1348 2105 2164 3113 3141 3144 3210 4692 4890 5373 5875 5998 6768 7457 7643 7699 8087 8555 8967 8994 9007 9051 9175
278 425 505 616 898 1121 2288 2713 3706 3748 3758 4035 5033 5266 5348 5504 5703 5770 5880 5957 6692 6838 7789 8753 9199 9582 9583 9750
279 79 136 1956 2182 2627 3965 4362 4807 5034 5412 5677 5869 6021 6054 6534 6633 7055 7161 7426 7707 7868 7883 8042 8671 8709 8736 9116 9199 9224 9938
280 234 503 745 756 2288 2673 3023 3104 3368 3371 3541 3758 3880 4199 4377 4404 4564 4626 4821 4858 5280 6327 6903 6924 6942 7105 7542 8051 8708 8947 8994
281 169 219 991 1121 1343 2439 2555 3004 3012 3255 3757 4243 4522 4824 5237 5352 5677 5780 5810 5921 6038 6054 6765 7438 7553 7652 7788 7874 7875 8134 8961 8994 9043 9244 9383 9656
282 145 1619 1957 2121 2580 2598 3176 3586 3837 4071 4741 5097 5125 5773 6287 7233 7631 7821 8123 8130 8329 9498
283 5 159 397 610 912 955 1048 1277 1358 1987 2201 2346 2407 2458 4068 4295 4356 4647 5292 5501 6270 6604 7202 7325 7435 7568 8188 8210 8535 9244 9581
284 207 485 550 1353 1809 2191 2264 2910 3276 3331 4020 4043 4134 4173 4254 4345 4385 4929 5172 6465 6507 6633 6962 7054 7071 7077 7133 7314 7709 7740 8235 8716 9114 9330 9573 9887
285 54 705 745 1248 1787 2288 3215 3304 3331 3493 3650 6067 6105 7262 7627 7653 8042 9245
286 149 183 412 447 1117 1383 1393 1930 2125 2288 3052 3262 4905 5899 6390 6672 7248 7369 7423 7933 8068 8293 8300 8302 8775 9190 9265 9487 9624 9738
287 301 1051 2014 2018 2198 2355 2401 2416 2424 2882 3750 3823 4179 4199 4214 4619 4679 5064 5715 6166 6216 6296 7028 7333 7438 8134 8837 9007 9374 9842 9848 9852
288 624 935 1335 1542 1665 1865 2240 3843 4277 4442 4574 4709 4815 5456 5502 5772 6266 6429 7087 7153 8157 8331 8592 9414 9865
289 79 585 1524 1916 2002 2643 2795 3267 3405 4035 4129 4258 4901 5099 5293 5872 5942 6049 6190 6464 6619 7747 7834 7845 8021 8140 8419 8612 8672 8716 9301
290 518 857 1471 1668 2238 2960 3012 3349 3804 4245 5062 5767 5838 6143 6599 7029 7285 7289 7501 7732 7894 8142 8302 8920 9685
291 437 667 1098 1175 1297 2304 2544 2791 2844 3104 4249 4282 4937 6398 6978 7090 7325 7484 7553 9056 9295 9565 9593
292 321 355 578 1004 1118 1574 2127 2741 2887 3058 3312 3451 5817 6099 6525 7788 7970 8157 9349 9994
293 129 776 1352 1720 1841 2437 2790 2936 3326 3584 3885 4063 4531 4944 5251 5341 5677 6191 6424 6851 7537 7559 7575 8612 8636 8716 8787 9751
294 450 577 979 1095 1394 2186 2298 2437 3445 3521 3666 3808 3982 3989 4326 4342 4352 4728 5257 5341 5478 5482 5740 5964 6175 6712 7762 7831 9153
295 369 421 1004 1739 2160 2171 2673 2805 2863 2917 3547 3560 3877 5546 5848 6296 7036 7318 7689 8116 8463 8488 8878 8990 8994
296 61 965 1272 1557 2192 2532 2538 3178 3708 3821 4107 4340 4664 5352 5368 5448 6112 6134 6538 7040 7335 7684 8284 8319 9075 9168 9199 9335 9480 9495
297 780 935 1929 1930 3325 3541 4106 4176 4272 4391 4559 4786 4985 5904 6896 7670 7696 8470 8505 9173 9371 9598
298 447 450 513 714 745 786 1084 2198 2892 2923 3119 3265 3840 3914 4117 4150 4199 4352 4855 4958 5412 5430 5755 6130 6251 7848 7895 8269 8450 8693 8885 9047 9216 9496 9563
299 101 148 182 271 304 647 780 838 934 1299 1668 2526 2876 2892 3012 3255 3379 4056 4245 4341 4714 5126 5211 5437 5605 5700 6170 6458 6698 6921 7413 8450 8554 8762 9573 9606
300 22 227 255 639 838 1142 1423 2617 4108 4691 4727 4962 4988 5552 5687 6022 6054 6073 6258 6692 6865 7086 7570 8145 8234 8282 8499 8593 8994 9215 9907 9930
301 935 971 1533 1557 1638 2161 2375 3146 3895 3907 4866 5034 7050 7054 7261 7577 8462 8997 9109 9761 9818
302 323 688 745 1315 2961 4212 5009 5075 5754 6351 6692 8005 8130 8137 8488 8495 8842 8981 9533 9848
303 183 1168 1289 1445 1670 1761 1800 1858 2256 2340 2553 3312 3364 4314 4719 5479 6020 6196 6496 6889 7267 7699 7736 7762 7787 7998 8058 8125 8340 8434 8910 9464 9761 9873
304 13 79 652 847 935 1310 1366 1464 1762 2017 3319 3337 3479 3710 3728 4974 5175 5412 6291 7455 7641 7956 8345 8455 8495 8688 8894 8907 9285 9362
305 1050 1929 1984 2693 2933 5751 6449 6538 6635 7841 8441 8466 8583 8683 8837 9259 9299 9312 9380 9478 9544 9645 9646 9834
306 532 835 1218 1380 2870 3345 3754 4197 5097 5212 5307 5428 5645 5865 6748 7037 7314 7413 7883 7949 7955 8004 8816 9007
307 172 238 707 2028 2486 2643 2810 3545 4243 4507 5033 5294 5445 5507 5804 5901 6168 6327 6406 6584 6743 7331 7448 7698 7762 8265 8822 8994 9349 9481 9579 9688 9755 9757
308 18 131 202 862 1036 1670 1711 2565 2601 2970 3012 3103 3160 4286 4314 4377 4624 4786 5268 5400 5795 5802 6141 6188 6385 6526 6538 6736 6849 7192 7652 7736 8068 8331 9141 9731 9898
309 336 1105 1303 1622 1666 1750 1846 2533 2820 2866 3642 4680 4950 6681 7227 7292 7699 7762 8142 8789 8918 9559
310 979 1414 2319 2401 2897 2962 3051 3101 3227 3285 3817 3876 4102 4442 4855 5596 5728 5899 5966 6406 7054 7399 7899 8343 8431 8478 8531 9056 9713 9745
311 695 745 1121 1260 1336 1534 1697 2289 2552 2570 2884 3319 4845 5105 5848 6863 7285 7770 8275 8677 8711 8720 8878 9357
312 130 1162 1238 2456 2788 3016 3231 3371 3794 4429 5044 5534 6014 6336 6695 7042 7329 9545 9781 9834
313 463 535 663 771 895 1106 1412 1555 1761 2074 2422 2651 2711 2787 2929 3261 3269 4584 5880 6613 6920 6922 6979 7419 7486 7525 7652 7851 7948 8269 8462 9218 9295
314 30 212 374 469 545 738 804 847 1940 2176 2721 2837 2867 3023 3111 3349 3380 3409 3535 3669 3705 4252 5067 5514 5609 5752 5997 6030 6044 6262 6477 6797 7120 7822 9083 9301
315 120 2643 2685 2790 2819 3284 3528 3871 3877 4814 5364 5462 5509 6666 7172 8282 8870 9524 9618
316 441 603 760 1569 2107 2693 2911 3056 3607 3836 4548 4845 4983 5587 5768 7055 7059 7240 7795 8067 8487 9021 9426 9740
317 79 1319 1731 1964 2017 2569 2970 3074 3096 3207 3987 4888 4923 4970 5365 5737 5875 5912 5950 6258 6323 6485 6777 7770 8134 8491 8687 9129 9746 9804
318 625 872 1364 1752 1905 1978 2168 2340 2480 2639 2983 3225 3728 3743 4879 5064 5388 6584 6956 7657 8495 8500 8518 9089 9866
319 134 220 310 376 517 650 742 1036 1122 1238 1292 1745 1858 2327 2391 3195 4079 4081 4742 5194 6512 6859 8294 8594 9083 9159 9255 9593
320 1425 1465 1694 1852 2344 2591 2737 3395 3743 3751 3755 4034 4123 4616 4633 4832 5064 5329 6015 7713 7920 7949 8797 8824 9347 9435 9907 9994
321 379 1220 1905 2146 2265 2286 2407 2595 3086 3227 3533 3675 4695 4760 5072 5150 5234 5288 6226 6986 7393 7454 7647 8103 8363 8827 8881 9376 9955
322 482 979 2616 2782 3200 3742 3991 4300 4453 5848 5947 6164 6909 9526
323 76 118 2101 2383 3308 3522 3607 3661 4188 4912 5111 6421 6534 6725 7013 7151 7244 7251 7725 8143 8795 9676
324 553 2314 3004 6049 6699 7062 7148 7154 8431 8462 8603 8635 9000 9211 9271 9613
325 137 977 1059 1091 1289 1752 1779 2464 2555 2685 2735 3260 3493 4256 4352 4587 5185 5258 5604 5785 6101 6352 6404 6671 8491 9012 9483 9557 9757
326 39 183 1289 1323 1429 1640 1774 2368 2630 2855 3158 3163 3345 3704 3835 3916 3982 4510 4765 4778 5412 5623 6014 6060 6170 6890 6899 6997 7293 7762 8130 8583 8952 9968
327 77 81 105 300 625 921 987 1042 1105 1125 1798 1907 2029 3230 3460 4333 4884 5193 5277 5322 5340 5917 6015 6266 8293 8403 8470 8487 8539 8949 9152 9281 9341 9440
328 427 709 884 1859 2771 3485 3790 3864 3910 3926 4955 5734 6084 6538 6543 6928 7425 7975 8106 9392 9499 9551 9723
329 2302 2355 2643 2962 3160 3705 4420 4783 4941 5224 5564 5656 5687 6166 6258 6777 6991 7160 8331 8516 8552 8591 8836
330 75 1058 1365 1557 2000 2175 2884 2978 3103 3298 3714 3871 3894 4199 4346 4997 5109 5247 5432 5479 6014 6134 6547 6770 7444 7564 7575 7880 9075 9139 9232 9270 9271
331 170 272 284 1429 1694 2155 2232 2240 3003 3032 3238 3241 3408 4151 6767 6771 7078 7191 7762 7831 7972 8049 8614 8814 8938 8939 9075 9164 9262 9555
332 183 255 300 358 374 1123 1149 1523 2167 2411 2683 3034 4253 5219 5445 5758 5869 6482 6550 6909 7199 7210 7316 8044 8086 8284 8293 8495 9013 9090 9301 9593
333 56 148 390 936 1121 1206 1256 1772 2390 2439 2491 2533 3236 3470 3494 3515 3527 4924 5512 6470 6547 6613 6827 6986 7266 7285 7880 7883 8113 8122 9688 9775 9804
334 134 1329 1916 2071 2211 2404 2597 2600 3066 3099 3673 3675 3699 3751 3877 3885 3894 4011 4060 5961 6020 6495 6578 6967 7064 7435 7833 8234 8754 8880 9838
335 559 639 1979 2064 2594 2986 3174 3932 4026 5011 5099 5169 5248 5384 5690 5758 6434 6476 6611 6778 6897 7254 7938 7949 8135 8470 9689
336 745 751 817 1534 1752 1832 2644 2833 3251 4047 4148 4788 5333 5520 7004 7137 7369 7719 8218 8630 9946 9968
337 380 575 722 727 935 2240 3424 3830 4409 4667 4783 4806 5254 5653 5817 6343 6423 6718 7438
338 312 1746 1884 2340 3381 3408 4402 4517 5869 5992 6103 6465 6871 7126 7185 7200 7429 7663 8125 8655 8997 9261 9467 9717
339 133 321 930 1903 2060 2288 2690 3032 3275 4289 4514 4517 4572 4803 5112 5418 5797 5973 6222 6436 6611 7044 7101 7153 8651 8758 9337 9436 9789
340 643 686 760 901 1086 1686 2003 2247 2265 2767 2926 2943 3012 3363 3521 3889 4951 5062 5090 5379 5628 6149 7669 8235 8462 8508 8572 8888 9027 9043 9598 9842
341 505 529 583 931 1150 1491 2070 2616 2721 4497 4575 4670 4765 4941 5330 5661 6101 6670 7452 7895 7972 8663 9073 9160 9545 9722
342 139 465 1092 1174 1567 2223 2674 3429 4277 4310 4327 4361 5481 5666 5898 6038 6404 6534 6621 8136 8878 9086 9483
343 29 291 412 546 1680 2597 3256 3555 4292 5670 5781 6141 6482 6538 6824 7143 9884
344 188 976 1521 1979 2932 3159 3758 4051 4302 4672 5170 5833 6574 6914 7746 7796 8896 9051 9301
345 205 354 446 558 732 780 1383 1896 2239 2454 2787 2951 3051 4027 4070 4736 5458 5546 5677 6812 7065 7296 8177 8655 8920 9238
346 225 640 1010 1299 1746 2416 3074 3237 3354 3720 4669 5724 5770 6282 6747 6991 7041 7291 8129 8249 9198
347 631 1396 1454 2155 2797 3025 3256 3434 3723 3870 4086 5431 5708 5996 6917 7409 7486 7606 7732 8111 9279 9623 9876
348 81 951 1098 1271 1351 2193 2465 3818 4053 4280 4325 5682 7851 8340 8586 9096 9908 9946
349 3 303 511 683 1091 1341 1839 2114 3074 3344 3936 5412 5726 5880 6780 7012 7110 7395 7558 8278 9026 9051 9370 9787 9842 9874 9930 9990
350 214 215 238 321 1395 2483 3397 3456 3585 4546 4824 5098 6296 6521 7289 7691 7846 7978 8084 8470 8981 9031 9565
351 18 321 427 874 979 1134 1375 1610 2240 2986 3022 3064 3144 3391 3836 4171 4176 4326 4341 4577 4677 4712 5534 5869 5880 6101 6123 6327 6478 6584 7665 7789 8333 8405 8591 8662 8671 8904 9758 9968
352 896 1009 1505 1642 1793 2203 2325 2327 2342 2639 2773 2877 3894 5385 5572 5587 5748 5897 6280 6490 6534 6547 6705 6880 6903 7233 7484 7598 7965 8423 8465 8790 8812 9533 9955
353 6 148 199 321 712 1552 1829 2699 3020 3027 3265 3697 3936 4199 4314 4613 4628 4664 5779 6257 6498 6758 6780 7438 8242
354 43 205 254 756 878 1377 1505 2120 2256 2518 2555 3376 3543 3883 3944 4269 4337 4352 4661 4677 5014 5163 5433 5434 5547 5756 5962 6945 6960 7637 8780 9045 9332 9400 9533 9936 9990
355 828 977 979 1442 1743 2560 2781 3012 3137 3537 4249 5178 5255 6681 8722 8781 9555 9749 9920
356 966 1042 1246 2185 2307 2546 2736 3147 3241 3463 3509 3798 3830 4486 4901 4997 5322 5445 5848 5980 6014 6893 7278 7302 7615 8109 8224 8659 8907 9025 9065 9244 9385 9505 9837 9931
357 1311 1501 1625 1855 1889 2013 3163 3312 3405 4340 4635 4788 4847 5153 5177 5307 5359 5941 6810 7045 7751 8033 8069 8125 8421 8908 8938 9404 9842
358 212 811 1141 3623 3805 4133 5634 5755 6076 7981 8569 9217 9218
359 1219 2001 2064 2269 3316 3736 3832 4828 4962 5342 5569 5578 5670 6829 6924 6986 7272 7285 7413 7732 8284 8775 8852 8890 9087 9301 9713
360 395 443 674 780 1127 1219 1763 1901 2209 2767 4565 4739 4946 5910 5925 6178 6709 6712 7364 7677 8388 8491 8661 8841 9008 9733
361 708 731 2057 2085 3023 3876 3888 3977 4579 5437 5503 6827 6878 6955 7379 7739 9286 9591 9600 9979
362 111 259 625 744 758 838 1086 1117 1231 1256 2464 2657 2728 3074 3322 3524 3982 4104 4356 4728 4967 5063 5412 6030 6946 7095 7240 7260 7630 7762 7991 8212 8470 8572 8711 9831 9848
363 78 321 467 656 1042 1145 2128 3144 3451 3946 4127 5035 5307 5951 6472 6778 7570 7611 7992 8125 8362 8376 8672 9470
364 84 790 828 979 1157 1306 1373 2344 3397 3447 3521 4145 4257 4743 4842 5277 5412 6014 6082 6230 6482 7692 7790 8037 8708 8936 9292
365 104 321 935 1179 1213 1762 1920 2156 2737 2894 3661 4037 4045 4805 5514 5678 6063 6547 6772 7088 7142 7239 8729 8888 8927 9149
366 475 729 732 812 1628 2437 2764 3543 3584 3783 3830 4415 4437 4647 4677 4765 5295 5307 5434 5597 5775 5826 6653 6768 6815 7545 7709 8069 8081 8124 8293 8473 8706 8711 8838 8922 9461 9904 9986
367 1147 1294 2242 4153 5869 6290 6413 6458 7243 7304 8170 8483 8713 8988 8995
368 324 1642 1866 2262 2333 2774 3345 3404 3577 4199 4299 5064 5384 6028 6724 6815 8045 8106
369 37 889 1117 1423 1843 2254 2398 2550 2965 3074 3120 3377 3964 4004 4607 4728 4880 6215 6906 8193 8910 9244 9903
370 1481 1697 1884 2128 3832 4162 4199 4260 5503 5762 5787 6101 6115 6534 6616 6837 7116 7120 7324 7413 8307 8948 9808
371 183 305 541 569 889 2058 2286 2875 3020 3047 3543 3704 4063 4527 4641 4993 5067 5193 5628 5762 5945 6470 6614 7055 7313 8030 8105 8212 8491 9008 9453 9581 9848
372 287 640 1075 1297 1601 1904 2123 2149 2175 2559 3012 3081 3093 3111 3219 4324 4340 4416 4878 5292 5387 5445 5643 5793 5798 6567 6808 6844 7607 7616 8470 9010 9139 9688
373 79 494 668 925 1060 1763 1935 2904 2962 3032 3602 3666 3836 4836 4901 4957 5172 5732 5825 5852 5855 5992 6001 6153 7174 7323 7337 7949 7998 8462 8562 9129 9368
374 164 712 973 1344 1557 2197 2885 3417 3513 3530 4571 4602 5921 6101 6130 6174 6296 6584 6914 7989 8319 8355 9299 9654
375 311 815 875 955 966 1625 1956 2583 2736 3074 3100 3165 4340 4377 4855 4901 5183 5219 5230 5437 5862 5868 6099 6570 6979 7575 7652 7811 7949 8491 8523 9236 9781
376 345 438 447 521 606 745 1638 1675 1846 2030 2155 2327 2643 2994 3830 3894 4053 4963 5483 6049 6086 6258 7056 7993 8231 8491 8738 8859 9007 9691 9846
377 946 955 1272 1281 1930 2343 2458 3665 4093 4307 4645 4705 4909 5054 5270 5362 5509 5690 5906 5997 6547 6630 6683 6851 7720 7737 8212 8824 9444 9563
378 352 353 858 1391 1752 2101 2121 3348 4192 4326 5006 5507 6417 6712 6778 7069 7429 8043 8242 8457 8630 8711 8782 8905 9040 9167 9338 9604
379 648 1039 1422 2369 2426 2555 3425 4068 4317 4418 4502 4905 5142 6234 6613 7811 8162 8890 9244 9657
380 518 674 1049 1387 1889 2203 2599 3656 4253 4401 4497 4693 4803 5097 5122 5349 5643 6161 6176 7709 7852 8752 9522 9544 9615 9668 9751 9819
381 678 1439 1955 1956 2264 2883 2966 3074 3520 3983 4302 4413 5702 5862 6085 6101 6445 6476 7410 7951 8193 8634 8722 9367 9794 9918
382 1292 1343 1774 1781 1826 2059 2248 2393 2870 3069 3074 3533 3610 3642 3944 4065 6470 6487 7372 7759 7856 8069 8217 8711 8893 9043 9202 9809
383 183 284 372 802 1051 1149 1156 1296 1979 2013 2260 2305 2666 2679 2806 3111 3316 4340 4493 4664 4958 5390 6178 6436 6516 6539 6774 6855 7086 7123 7285 7429 7604 7806 7883 7902 8919 9032 9075 9842 9878
384 131 390 714 935 1072 1181 1878 1941 1956 2088 2128 2617 3158 3465 3936 4286 4644 5054 5182 6528 6613 6774 6815 6970 7347 7617 7732 8910 9265
385 130 295 413 660 755 1343 1570 2095 2552 2577 2990 3074 3106 3227 3432 3456 3602 4033 4129 4327 4340 5676 6102 6362 6677 6895 7082 7629 7728 7933 8189 8307 8352 8512 8614 8628 8700 9109 9224 9640
386 208 1125 1429 1962 2446 2463 2615 2633 2696 2962 2986 3005 3290 3783 4095 4362 4699 4845 5067 5335 5402 5645 5715 5848 6048 6082 6101 6598 6717 6773 6778 7120 7336 7438 7553 7762 8456 8462 9032 9608 9968
387 28 301 1134 1164 1898 2182 2346 3132 3606 4027 5264 5295 5365 5515 5740 6258 6470 6545 6635 6829 6938 7226 7362 7629 8043 8212 8332 8928 9235 9834
388 162 847 879 1579 2121 2240 2540 2962 4921 5323 5356 5951 6431 6818 6840 7153 8150 8360 9216 9244 9533 9968
389 150 691 1884 2524 2542 2661 2844 3012 3566 3610 3789 3863 4367 4399 4442 6040 6131 6509 6836 6840 6891 7049 7216 7749 8136 8332 8406 9842
390 2 349 427 554 876 1134 1445 1552 2116 2239 2345 2939 2986 3504 3781 3835 3937 4317 4610 4636 4705 4901 4939 4958 5224 5307 5340 5748 6021 6218 6285 6621 6672 6928 7733 8188 8320 8392 8800 9056 9533 9652
391 734 935 1097 1252 2794 2943 3371 3582 4152 4326 4721 5972 6213 6537 6967 7219 7435 7791 8293 8297 8351 8406 9007
392 933 1984 2067 2102 3296 3496 3575 3819 3981 4011 4180 4311 4340 4650 5748 6271 7001 8043 8440 8916 9615
393 2 83 482 739 745 756 979 1174 1238 1670 1731 2491 3823 3894 4572 4948 5177 5682 5767 6367 6495 6534 6560 7261 7373 7736 8286 8687 8773 9224
394 43 84 132 578 836 847 1185 1336 1351 2052 2194 2452 2483 2543 3541 3669 3806 4527 5082 5129 5341 5386 6104 6576 8743 9376 9607
395 297 777 948 979 1085 1877 1981 1985 2271 3262 3656 3742 4522 4692 5161 6269 6716 6737 6844 7162 7192 8060 8958
396 177 527 815 1287 2263 2794 2946 3394 4154 4234 4561 4965 5795 6084 6303 6736 7720 7837 8179 8681 9219 9842 9921
397 2 247 353 441 898 1050 1773 1905 2071 2109 2924 3134 3468 3563 3657 4054 4449 4679 4913 5145 5214 5443 6545 7699 9822
398 139 673 751 2295 2366 3003 3285 3747 4171 4432 4602 4757 5355 5457 5638 5995 7240 7276 7606 7762 8121 8858 9013 9381 9610
399 283 745 951 1042 1260 1805 2052 2769 2859 3144 3515 3597 4434 4539 5767 5917 6323 6397 6518 6538 7836 7997 8671 8794 9348 9600 9780
400 61 910 1020 1081 1557 1719 1749 1984 2013 2121 2168 2750 2954 3159 3225 3319 3379 3831 3875 4527 4658 5216 5525 5848 6054 6281 6669 6692 7055 7141 7888 8078 8592 9185 9444 9485 9594 9711 9720
401 234 613 1216 1538 2050 3164 3581 4257 5340 5505 5581 5652 5902 6388 7669 7968 8119 8193 8418 8538 8715 8790 8910 9480
402 116 767 915 1534 1774 2013 2155 2580 2746 3376 3956 4092 4106 4531 5080 6133 6327 6375 6968 7009 7280 7337 7821 8249 9085 9453 9659
403 553 631 925 1117 1220 1227 2555 2650 3025 3267 3434 3827 3986 4411 4959 5082 5090 5433 5446 6364 6862 7036 7413 7429 7736 7780 8170 9377
404 208 259 468 732 1429 2097 2168 2231 2983 3758 3783 3806 4352 4755 4917 5064 5857 6077 6267 6785 6973 7163 8033 8177 8180 9208
405 210 276 683 1436 1959 2139 2433 2799 2973 3079 3093 3415 3936 4937 4943 5112 5326 5869 6302 6347 7008 7085 7474 8014 8388 8935 8973 9003
406 321 707 1233 1248 1343 1557 1979 2201 2673 2875 2988 3077 3375 3486 3729 3942 4026 5099 5317 5458 6486 6941 8259 8313 8350 8387 8439 8628 8803 9265 9391 9404 9467 9848
407 447 574 960 1125 1130 1277 1449 2554 3159 3463 3537 3783 3964 4021 4027 4047 4108 4133 4170 4218 4310 4697 5155 5468 5752 5862 5953 6045 6134 6594 7209 7708 8069
408 748 1774 1924 2486 2996 3562 3670 4667 4940 5223 5748 6030 6170 6324 6938 7413 7607 7664 7949 8134 8432 9276 9568 9684
409 273 488 625 910 1360 1959 2115 2647 3111 3417 4054 4377 4695 4824 5166 5762 6551 6819 7117 7802 7969 8193 8722 8908 9138 9160 9175 9533 9806
410 399 513 1256 1263 1348 2146 2319 2413 2474 2552 2741 3006 3731 3885 3936 4080 4507 4901 5122 5445 6101 6145 6196 6311 6440 6503 6883 7386 7429 7737 8043 8105 8193 8812 9241 9374 9386
411 200 271 1834 2288 2340 2773 2872 3103 3297 3364 3728 3797 4091 4804 5064 5211 5565 5643 5887 6389 6534 6618 6747 6898 6918 7549 8495 8571 9391 9838 9931
412 238 737 1496 1651 1923 2321 2745 2938 3699 3895 4439 4671 4903 5500 5695 5719 6280 6458 6588 7856 8658 8830 8896 8900 9004 9172 9341 9833 9903
413 13 321 554 745 896 1833 1939 1979 2265 2790 2958 3146 3547 3820 3958 4308 4444 4684 4691 4786 5097 5143 5504 5762 5889 6075 6139 6269 6610 6652 6675 6961 6984 7041 7610 7657 7806 8005 8649 8815 8922 9032 9268 9834
414 110 227 707 771 776 1141 1305 1454 2066 2589 2673 2729 3099 3106 4086 4134 4591 5783 6739 6758 7123 7379 8899 8969 9013 9047 9066 9602 9608 9713 9807 9971
415 134 745 1209 1541 1680 1785 1880 2121 2147 2318 3225 4527 4565 4607 4805 5103 5656 6163 6478 6881 7883 8387 9036 9139 9404 9681 9903 9968
416 243 843 1105 1674 1691 1992 2389 3073 3690 3728 3830 3982 4340 5065 5068 5276 6122 6327 7153 7169 7356 7613 8125 8157 9007 9314 9930
417 167 634 783 1156 1601 1670 2437 2666 4159 4785 5157 5178 5271 5317 5445 5458 6082 6494 7669 7806 8204 8252 8644 8660 8848 9238 9244 9615 9930
418 108 325 1026 1238 1373 1749 2038 2327 2750 3521 4254 4389 4819 5189 5412 6465 6541 6750 6833 7034 7200 7643 8352 8578 8589 8618 9087 9352 9493 9609 9704 9842 9940
419 205 246 366 463 625 790 1050 1105 1383 1512 1625 1845 2335 2340 2643 2926 4013 4077 4324 4821 4985 5307 5836 5962 6021 6258 6547 6701 6999 7949 8195 8293 8644 8854 9208 9230 9545 9806
420 714 1878 2177 2590 2920 3074 3135 3265 3894 4766 4901 6225 6549 6793 7028 7151 7304 7413 7431 8519 9055 9637 9920
421 321 1072 1077 1083 1118 1124 1534 1560 1773 1912 1948 2263 2698 2817 3163 3427 3474 3795 4341 4602 4893 4985 5062 5192 5536 5713 6613 6853 7049 7240 7511 7864 8176 8386 8387 8431 8491 8815 8949 9901 9903 9968
422 206 321 802 1845 2240 3286 4203 4870 5003 5359 5450 5580 5742 6021 6175 6840 6928 7041 7641 7924 8224 8445 8907 9366 9528
423 72 979 1538 1694 1834 3100 3666 3748 4760 4928 5869 6153 6454 6544 6611 6984 7192 7302 7939 8242 8343 9120 9141 9244 9332 9460 9638
424 457 1765 2175 2233 2240 3821 3897 4892 5029 5156 5583 6408 7280 7713 7782 7810 7883 7893 9102 9139 9236 9833
425 321 652 871 900 1380 1647 2066 2240 2288 2403 2462 2475 2546 2549 3046 3465 3585 3743 5438 5660 6437 6537 7063 7178 7699 7960 8245 8361 9347 9970 9979
426 169 449 551 979 1164 1343 1953 2121 3095 3991 4920 4942 5738 6116 6692 7153 7244 7480 8009 9518
427 243 385 412 571 714 1034 1361 1405 1430 1606 1731 2294 2555 2666 2907 3144 3379 3877 4462 4888 5040 7153 7356 7448 7457 8056
428 22 39 776 1292 1381 1510 1670 3023 3032 3376 3923 4039 4150 4354 4379 4627 5816 6044 6560 6603 6842 6898 6938 7027 7302 7736 8028 8116 8140 8157 8343 8711 9655 9688 9898 9933
429 345 379 792 860 1383 1781 1942 2275 2962 2986 3537 3784 4036 4913 5307 5349 5677 6070 6141 6280 6528 6530 6613 6696 7521 7652 8036 8363 8387 8649 8659 8722 8809 9045 9176 9309 9347 9518 9829
430 2 33 79 780 1299 1784 2704 2982 4027 4960 5365 5437 5821 6258 6427 6549 6803 6879 7688 8156 8202 8526 8558 8632 9160 9374 9541 9669
431 953 1710 2128 2160 2480 2744 2846 2892 3086 3114 3376 3836 3865 4365 4786 5099 5162 5367 5905 6260 7024 7247 7438 7950 8005 8293 8431 8636 9558
432 207 1185 1552 2155 2615 2666 2906 3356 3700 3975 4340 4586 4624 4901 5674 6260 6274 6996 7138 7438 7856 8022 8052 8125 8634 8738 8789 9290 9545 9775 9803 9911
433 1641 2161 2489 2730 2962 3576 3819 3982 4039 4762 5103 6034 6338 7197 7517 7881 8143 8406 8428 8853 9139 9534 9930
434 148 456 606 1178 1287 1299 1496 1943 2643 2712 3122 3307 3521 3703 4420 6054 6729 6859 7033 7718 8049 8125 8180 8431 8501 8966 9244 9301 9461 9709
435 507 1025 1661 1937 2274 4178 4558 4689 4906 4960 5728 6320 6566 6722 8103 8175 9139 9708
436 155 232 600 642 1077 1130 1238 1794 2052 2595 2630 2662 2701 3119 3506 3638 3706 3823 4091 4245 4343 4527 4539 5053 5300 5322 5441 5632 5946 6250 6768 8498 8894 9091 9731
437 190 524 690 1117 1369 1426 1524 1791 1979 2329 2615 2666 2904 3103 3154 3163 3543 4341 4909 5026 6015 6101 7001 7055 7126 7351 7634 7691 8236 8429 9044 9097 9830 9990
438 616 650 726 1067 1105 1666 2532 2612 2685 2783 2858 3074 3753 3783 4749 5326 5754 5793 5905 6853 7536 8824 9162 9244 9302 9443 9528 9834 9842 9886 9968
439 18 482 875 1147 1264 1788 2100 3521 3528 3863 4286 4612 4730 4909 4925 5104 6100 6611 6673 6795 6838 7008 7207 7597 7709 8998 9848
440 476 477 691 1625 1942 2409 2422 2895 2968 3088 3154 3290 3651 3736 3883 4511 4624 4692 5061 5269 5342 5933 6011 6044 6827 7053 7056 7075 7459 7759 8060 9025 9133 9795
441 592 917 989 1220 1557 2111 2320 2820 2962 3707 3845 5677 5917 6573 6594 7193 7290 7373 7791 8610 9129 9463 9487 9523
442 102 874 979 1040 1476 1774 2985 3718 3959 4210 5187 5445 5743 5902 5981 6251 6356 6377 6802 7978 8461 8470 8978 9042 9206 9270 9842
443 406 527 950 1025 1085 1479 1534 2325 3004 3607 3813 4293 4377 4580 5815 5995 6458 7490 7874 8043 8250 8764 9004 9256 9805
444 7 193 447 646 670 1292 1571 1625 1728 1786 1972 2013 2171 2879 2906 2911 3316 3648 3792 4664 4679 5387 6134 6148 6173 7024 8015 8470 8486 9299 9404 9822 9837
445 79 142 259 1432 1876 2097 2135 2600 2806 3376 3557 3985 4973 5752 7336 7500 7815 8293 8431 9595
446 56 379 647 675 971 1323 1826 1898 2288 2846 3603 3753 3894 4389 4463 4529 5666 5737 5909 6414 6622 6809 7115 7336 7537 7733 8686 9005 9075 9260
447 218 379 792 987 1134 1205 2060 2111 2892 3549 4365 4528 5658 5668 6103 6636 6771 7082 7517 7864 8077 8677 8681 8815 9270
448 214 374 759 779 1169 1979 2003 3498 3683 3836 4341 4562 4785 5169 5437 5677 6502 6831 7307 7349 7569 8147 8480
449 112 199 412 685 964 1855 2189 2426 2555 2817 3278 3383 3495 3584 4107 4299 4619 4912 5132 5219 5747 6022 6302 6656 6915 7055 7240 7413 7880 7997 8131 8176 8193 8487 8599 9135 9197 9384 9842
450 10 755 850 865 950 1167 2038 2107 2939 3596 3885 4176 4238 4527 4824 5358 5458 5553 5693 5872 6014 6608 6778 6999 7048 7108 7147 7266 7367 7545 7699 8193 8854 8896 9048 9295 9635
451 183 267 332 427 1572 1731 2239 2505 2513 2790 2929 3508 3914 4151 4173 4645 5141 5471 6153 6705 6786 6787 6859 7669 7779 8081 8097 8212 8337 8350 8628 8716 8748 9178 9740 9947
452 76 343 450 519 548 1019 1310 1534 1984 2403 2437 2624 3077 3134 3236 3403 3841 4066 4660 4702 4786 4901 5880 5910 6067 6250 6705 7169 7234 7350 7438 7732 7736 8029 9442 9485
453 575 722 1121 1705 2155 2767 2911 3095 3144 3316 3684 3728 3877 3982 4294 4567 4836 5061 5247 5416 5515 5788 6134 6174 6554 6712 7699 7709 7922 8054 8574 8812 8967 9364 9691 9848
454 331 733 1264 1888 2013 3409 3496 4025 4300 4635 5271 6073 6980 6986 7721 8061 8362 8445 8484 9207 9861
455 32 309 1209 1852 2474 2630 2790 3117 3345 3433 3662 4035 5043 5340 5507 5730 6070 6254 6408 6467 6484 6574 7484 7968 8084 8693 8722 9160
456 774 816 2449 2516 2828 2892 3460 4349 4491 4664 4670 5867 5928 7160 7856 7859 8097 8518 8904 9069 9669 9903
457 10 77 321 1077 1256 1710 3074 3158 3243 3398 3510 3566 4086 6046 6666 7659 7819 7881 8287 8935 9388 9939 9954
458 478 638 843 1042 1176 1534 1794 2111 2476 2595 2817 3012 3052 3103 3476 3752 3758 4909 5437 6020 6021 6082 6104 6724 6919 6938 7212 7399 7438 7652 7709 7845 7997 8188 8212 8556 8579 8604 8671 9199 9317 9453 9563 9930
459 279 1007 1363 1534 1613 1806 1984 2158 2376 3683 4382 4527 4858 4951 5474 5482 5884 5997 6189 6196 6281 6945 7448 7899 8134 8168 8221 8386 8406 8451 8925 9354 9735 9757
460 79 168 182 524 925 1066 1262 1651 1957 1962 3395 3772 3956 4340 4731 5026 5870 6129 6228 6258 6467 7209 7604 7883 7997 8946 9149
461 427 878 946 1119 1512 1864 2569 2910 3999 4733 5150 5983 6054 6369 7039 7663 8069 8367 8508 8714 8880 9005 9573 9728
462 641 882 2569 2607 2847 3050 3363 3415 3479 3802 4527 4534 5307 6014 6054 6113 6134 6258 6296 6327 6525 6635 6702 6786 7732 7819 7889 8043 8371 8715 8716 9299 9433
463 321 523 1016 1263 1380 1459 1646 2226 2599 3976 4193 4632 4742 4784 5880 6134 6458 6515 6613 6727 6731 7438 7568 8822 9533 9982
464 788 925 1407 1496 1657 2202 5406 5862 5986 6469 7065 7542 8191 8301 8406 8464 8712 9014 9569 9573
465 84 111 116 150 155 569 981 1296 1615 1668 1932 1969 1979 2189 2730 2773 2979 3066 3098 3363 3541 3923 4281 4307 4504 5677 5980 6354 6692 7347 7481 7630 7709 8055 8287 8618 9404 9990
466 352 798 960 2013 2222 2313 2643 2787 2927 3007 3568 4169 4643 5200 6184 6578 6617 7545 7883 8113 9197 9460 9803
467 2 199 601 770 802 929 1353 2565 3255 3762 3925 4365 4397 4891 5141 5162 6482 6810 7349 8336 8338 8911 9023 9254 9555 9933 9986
468 5 349 633 1237 1301 2704 3160 3234 3584 3781 5254 5444 5500 5775 6257 6332 6534 6673 7092 7290 7679 7767 7997 8644 8705 8722 8904 9374
469 323 1036 1081 1137 1315 1461 1959 2164 2340 2527 3830 4055 4766 4938 5772 6449 6538 6941 7373 7438 8256 8270 8306 8632 8812
470 1337 1605 1655 2137 2418 3012 4035 4252 4455 4557 4771 4855 5721 6983 7762 7984 8061 8924 9075 9507 9815
471 126 3211 3561 4077 4652 5033 5185 5340 5409 5842 5869 6248 6376 6789 6899 8202 8268 8387 8524 9517 9753
472 183 388 526 550 925 1472 1555 1980 2643 2711 3229 3479 3507 3580 3999 4341 5257 5826 5901 6101 6398 6532 6833 7413 8025 8686 8848 9669 9731 9745 9798
473 395 676 937 952 1040 1463 1569 1757 3308 3330 3417 3596 3895 4433 4698 5188 5294 5654 5962 6053 6134 6473 6785 7239 7336 7699 7912 9107 9281 9440
474 190 208 259 268 326 661 843 1181 1521 1997 2292 2466 2480 2692 4093 4129 4505 4765 5329 6024 6467 6650 7239 8257 8495 8564 8663 9182 9885
475 69 512 638 915 2052 2264 2313 2615 2870 2890 3521 3584 3936 4369 4606 5053 5359 6082 6101 6931 7367 7511 7699 8117 8338 8800 9056 9233 9348 9618 9666
476 116 476 648 866 991 1020 1039 1391 2052 2117 3521 3758 4464 4644 4798 4901 4926 5248 5459 5492 5655 5800 6082 6327 6538 7243 7353 7677 7771 8130 8512 8830 9592
477 123 232 239 412 745 979 1328 1454 1719 2183 2325 2545 3222 3562 4348 5412 5655 5897 6063 6084 6236 6545 6550 7202 7681 7852 7949 8092 8124 8270 8498 8524 8728 8854 8928 8949 9224 9270 9712 9931
478 352 829 1805 1923 2327 2382 3113 4162 4222 4946 5333 5677 5715 6166 6214 6327 6825 6990 7143 7489 7706 7946 8106 8308 8723 8751 8994 9533
479 205 405 427 956 1132 1181 1625 1943 2248 2555 2614 2774 3190 3214 3377 3586 4240 4855 5443 6163 6635 7650 7880 8125 8663 8855 9265 9344 9395 9533
480 532 784 1124 1205 1534 1868 2376 3056 3173 3260 3630 4020 4199 5045 5085 5189 5393 5400 5505 5818 6635 6672 7068 7490 8345 8747 8794 8958
481 110 148 676 1204 1299 1607 1969 1984 2292 2462 2685 3125 3552 3728 3795 3798 3864 4232 4314 4537 4728 4787 5095 5397 5448 5659 5678 5716 6195 6282 6547 7068 7170 7361 7736 8268 8445 8461 8578 9834
482 167 283 716 829 1625 1668 1669 2322 2519 2651 2790 2896 4166 7040 7252 7858 8005 8314 9102 9199 9565
483 2 79 613 867 944 948 1117 1343 1345 1383 2512 2630 2847 3012 3117 3141 3251 3758 4106 4258 4628 4629 5418 5880 6141 6404 6482 7153 7563 7806 8644 8711 8743 8793 8832 8841 8885 9030 9197 9887
484 639 789 1019 2873 3147 3149 3160 4382 5710 6369 6512 7117 7216 7296 7949 7950 7977 8090 8719 8734 8814 9060 9669 9697 9770
485 505 552 1256 1293 1524 1736 2144 2156 2171 2288 2685 2790 2904 3046 3356 3702 4765 4801 5748 5768 5962 6300 6434 6537 6633 6685 6728 7213 7365 7526 7699 7987 8528 8859 9436
486 183 345 372 518 551 687 813 1736 1807 1984 2616 3074 3612 3745 3894 3963 4462 4929 4970 5772 6388 6698 7170 7256 7259 7952 8528 8644 9199 9711
487 442 1117 1134 1145 1522 1715 2235 4024 4343 4504 4774 4925 4929 5445 5559 6141 6773 7183 8116 8195 8377 8935 9374 9425
488 450 514 929 1429 1685 2121 2327 2383 3144 3352 3543 3783 3845 3936 3967 4199 4234 4341 4416 4855 5031 5099 5458 5880 6059 6083 6547 6839 7868 7880 7883 7919 8260 8345 8491 8844 8874 8966 9087 9545
489 526 626 731 753 876 934 1167 1241 1343 1710 1737 1752 1935 2802 2892 4065 4148 5042 5406 5462 6468 6790 6968 7033 7087 7395 8043 8176 9273 9453
490 84 450 697 816 1134 1238 1377 1685 2155 2240 2422 2798 3081 3121 3982 4457 4527 5253 5265 6555 6780 6908 7736 8238 8910 9030 9653 9942
491 44 120 259 285 847 1120 1132 1354 1774 1934 2001 2524 3330 3411 3818 5288 5458 6020 6470 6865 7254 7771 7852 8043 8889 8920 9224 9548 9624
492 175 447 744 996 1625 1639 2187 2339 2877 2898 3486 3804 4326 6492 6639 7219 7320 7842 8005 8193 8295 8329 8528 8823 9139 9678
493 56 598 1236 1381 1550 1667 1817 1982 2136 2608 2747 3758 4350 4752 5534 5986 6476 7777 7806 7948 8210
494 325 1306 2036 2206 2414 3005 3042 3343 3395 3753 4198 4378 4606 4639 6226 7272 7391 7987 8304 9101 9408 9611 9650
495 46 676 1159 1750 1807 2037 2811 2909 3795 4055 4069 4345 5388 5454 5880 5993 6045 6258 6338 7193 7206 7451 7791 8439 8470 8743 8904 9507
496 447 640 1139 1366 1464 1504 2349 3101 3111 3416 3869 3970 4007 4078 4664 4985 4989 5343 5700 5775 5860 5895 5925 6095 6453 6534 6973 7321 7762 7968 8004 8167 8193 8336 8387 8491 8581 9430
497 329 1311 1457 1833 2660 3409 3623 3758 3987 4716 4733 4853 4886 5335 5884 7057 7572 7632 8787 9047 9315 9930
498 183 1117 1209 1348 1624 2264 2366 2396 2630 2676 2712 3013 3336 3584 3702 3830 4310 4843 5052 5109 5321 5507 6170 6324 6360 6547 6748 8069 8388 8690 8711 8912 9199 9239 9510 9831
499 26 138 671 745 867 1129 1402 1978 2017 2321 5546 5547 5654 5872 6738 6920 7278 7504 8043 8245 8622 8753 9045 9290
