100
0 
1 
2 
3 
4 
5 
6 
7 
8 
9 
10 
11 
12 
13 
14 
15 
16 
17 
18 
19 
20 
21 
22 
23 
24 
25 
26 
27 
28 
29 
30 
31 
32 
33 
34 
35 
36 
37 
38 
39 
40 
41 
42 
43 
44 
45 
46 
47 
48 
49 
50 
51 
52 
53 
54 
55 
56 
57 
58 
59 
60 
61 
62 
63 
64 
65 
66 
67 
68 
69 
70 
71 
72 
73 
74 
75 
76 
77 
78 
79 
80 
81 
82 
83 
84 
85 
86 
87 
88 
89 
90 
91 
92 
93 
94 
95 
96 
97 
98 
99 8 31 42 56 87 167 225 234 329 346 408 412 547 562 601 629 647 684 736 748 751 770 800 850 873 976 985 999 1033 1051 1086 1090 1170 1177 1235 1262 1279 1305 1307 1343 1445 1460 1496 1497 1503 1518 1534 1541 1582 1638 1663 1670 1738 1740 1743 1759 1770 1788 1857 1864 1931 1950 2022 2038 2146 2149 2199 2246 2277 2279 2285 2289 2297 2336 2358 2401 2424 2462 2515 2518 2519 2525 2559 2563 2582 2659 2682 2721 2740 2821 2828 2867 2951 2963 2970 2980 2987 2993 3051 3065 3197 3228 3298 3335 3440 3548 3599 3648 3651 3689 3714 3775 3788 3922 3969 3991 3993 4019 4026 4035 4070 4104 4105 4112 4136 4137 4252 4308 4311 4331 4366 4370 4409 4454 4468 4471 4474 4515 4581 4612 4625 4631 4676 4683 4690 4695 4713 4718 4731 4738 4781 4785 4812 4814 4887 4906 4913 4938 4948 4961 4962 5000 5099 5102 5148 5266 5305 5326 5351 5388 5436 5453 5454 5483 5508 5509 5528 5551 5558 5563 5565 5577 5643 5671 5770 5791 5803 5827 5843 5870 5891 5904 5908 5909 5936 5940 5955 6016 6072 6103 6109 6111 6113 6119 6135 6144 6147 6154 6162 6176 6245 6274 6282 6289 6294 6348 6391 6402 6434 6451 6457 6501 6504 6506 6530 6544 6576 6612 6621 6623 6632 6664 6666 6679 6703 6740 6761 6810 6812 6813 6828 6845 6847 6893 6901 6906 6907 6924 6950 7051 7103 7143 7189 7198 7368 7409 7471 7510 7546 7557 7567 7588 7593 7599 7647 7697 7765 7781 7805 7838 7853 7864 7866 7959 7967 7983 8069 8157 8162 8178 8188 8191 8231 8252 8331 8332 8376 8384 8410 8421 8434 8495 8500 8560 8561 8590 8612 8636 8670 8673 8731 8760 8767 8780 8806 8808 8855 8870 8917 8947 9014 9064 9080 9096 9196 9210 9220 9222 9244 9245 9246 9252 9284 9287 9288 9289 9297 9309 9319 9423 9425 9444 9449 9470 9492 9520 9580 9656 9657 9661 9664 9665 9666 9671 9676 9689 9692 9697 9703 9705 9718 9769 9779 9786 9795 9815 9851 9858 9860 9925 9929 9973
