100
0 104 115 130 180 220 231 251 281 331 339 398 424 425 426 449 464 478 610 624 625 709 720 756 935 954 1040 1137 1422 1462 1494 1522 1687 2076 2108 2526 2825 3053 3376 5278 7367 8549
1 0 1 2 3 4 5 6 7 8 9 10 11 12 13 14 15 16 17 18 19 20 21 22 23 24 25 26 27 28 30 38 41 54 55 61 62 70 72 74 110 114 121 138 166 199 236 252 309 356 404 549 869 940 1089 1290 1572 3198 5367 8734
2 0 1 2 3 4 5 6 7 8 9 10 11 12 13 14 15 16 17 18 19 20 21 22 23 24 27 28 30 35 37 38 41 44 45 54 58 61 62 65 69 72 74 78 102 103 126 131 138 145 148 184 252 253 268 316 410 583 731 751 797 940 1524 1572 1591 1756 2264 3244 6049
3 46 50 73 125 141 150 176 222 235 257 259 293 419 432 441 447 554 564 583 591 689 725 768 815 848 853 906 907 1466 1549 1734 2385 2572 3097 6166 6656 7373 7977 8466 8948
4 
5 0 1 4 5 7 8 9 10 12 13 14 15 16 17 18 20 22 23 25 28 29 31 32 36 37 41 42 44 56 60 61 62 63 65 69 78 96 97 102 120 135 155 158 193 199 240 252 285 303 329 621 650 747 977 1173 2614 3849 6698
6 0 1 2 3 4 5 6 7 8 9 10 11 12 13 14 15 16 17 18 19 20 21 22 23 24 27 28 29 30 35 37 38 41 44 45 56 57 58 62 69 72 78 112 120 135 145 148 164 176 193 199 280 482 549 859 1184 1310 1334 1476 1597 1714 2076
7 0 1 2 3 4 5 6 7 8 9 10 11 12 13 14 15 16 17 18 19 20 21 22 23 24 27 28 30 35 37 38 44 55 56 57 58 62 63 65 72 74 78 102 107 121 126 131 139 145 148 158 166 184 224 229 252 253 290 303 309 316 331 355 410 524 725 977 1315 1452 4023 4371 5429
8 37 40 42 44 50 53 57 58 63 65 71 89 98 105 120 126 135 140 141 142 147 151 155 164 173 178 240 250 268 270 275 280 286 290 385 484 485 546 593 594 596 815 1024 1225 1287 1290 1611 3467 3692
9 23 56 66 88 95 109 114 115 119 138 155 158 163 166 184 201 204 232 267 289 395 403 417 425 432 468 510 513 516 526 554 574 615 637 715 727 731 762 784 869 873 1122 1137 1388 1398 1554 1723 1757 2079 2140 2170 2258 2359 2562 2616 2652 2726 2735 2820 3024 3569 4308 4390 4421 4962 5200 5225 5349 5605 5621 5641 5862 6234 6304 6718 6729 7147 7401 7518 7876 7878 8034
10 38 72 86 101 106 110 119 123 128 131 138 139 150 160 176 185 207 211 224 249 256 290 318 327 332 383 408 442 468 513 519 560 624 626 638 707 739 802 824 841 849 915 957 1275 1339 1395 1436 1483 1667 1707 1737 1927 1963 2088 2692 2848 2871 2872 2905 2950 3071 3477 3635 3890 4090 4317 4978 4985 5463 5926 9053 9086 9335
11 0 1 2 3 4 5 6 7 8 10 11 12 13 15 17 18 19 22 23 26 27 28 37 38 41 44 54 55 56 61 62 63 65 70 72 74 79 82 84 103 112 114 117 121 126 138 139 148 187 206 236 243 268 316 356 371 372 410 653 708 1122 3457
12 0 1 2 3 4 5 6 7 8 9 10 11 12 13 14 15 16 17 18 19 20 21 22 23 24 26 27 28 32 35 37 40 44 45 57 58 62 63 65 69 72 78 120 121 126 135 138 155 184 199 252 253 280 554 595 624 632 728 731 1077 1263 1310 1502 1591 2112 2153 2371
13 
14 48 74 89 98 130 143 185 201 220 224 236 254 261 270 290 349 393 398 450 503 706 749 819 825 886 948 1077 1095 1097 1104 1641 2153 2205 3070 3410 3759 3794 4188 4594 5721 5850 6087 6604 6979 8965 9559
15 0 1 2 3 4 5 6 7 8 9 10 11 12 13 14 15 16 17 18 19 20 21 22 23 26 27 28 29 35 37 38 42 45 57 62 63 69 72 78 84 107 120 126 131 135 138 139 152 155 164 166 193 197 199 280 290 309 329 355 404 442 468 907 968 1263 1506 1597 1766 2291 2700 3774 5482 7585
16 
17 85 86 96 122 186 245 264 318 418 435 510 536 547 561 665 731 996 1030 1270 1395 1554 1645 1667 2033 2072 2232 2342 3025 3274 3289 3306 3735 3904 3923 3977 4156 4167 4343 4443 4493 4607 5108 5218 5278 5404 5586 5893 6049 6369 6378 7488 7818 8015 9470 9927
18 92 189 192 202 204 207 229 265 267 280 286 355 389 408 439 450 452 495 712 738 879 910 1058 1112 1197 1305 1350 1447 1467 1718 1949 2074 2120 2651 2680 3036 3119 3158 3398 3410 3557 3888 4102 4558 4703 4781 4819 4854 5576 5914 6180 6475 6787 7557 7984 8100 8360 8703
19 134 175 188 285 298 299 309 358 382 436 440 478 482 517 616 617 679 681 704 708 764 832 961 1164 1181 1216 1284 1445 1468 1506 1524 1799 2041 2171 2179 2193 2207 2224 3046 3142 3203 3447 3455 3563 3699 4063 4310 8970
20 4 11 23 33 34 35 42 44 48 49 61 62 63 74 75 80 84 97 102 107 110 118 119 125 138 140 148 149 155 170 172 176 232 249 332 442 709 907 968 1052 1117 1168 1225 1256 1283 1290 1412 1638 1768 1771 2047 2150 2153 2298 2591 2659 2849 2930 3052 3172 3198 3286 3441 3483 3497 4067 4171 4225 4408 4662 4688 5329 5514 5526 6362 6373 7048 7069 7081 7347 8454 9519
21 0 1 2 3 4 5 6 7 8 9 10 11 12 13 14 15 16 17 18 19 20 21 22 23 24 27 28 30 35 37 38 44 54 55 57 62 63 65 69 72 74 82 84 103 107 120 131 138 139 164 176 199 236 252 253 325 389 482 494 583 797 1089 1152 1350 1482 1554 2264 2848 3158 4247 5482 5554 5985 7242
22 0 1 2 3 4 5 6 7 8 9 10 11 12 13 14 15 16 17 18 19 20 21 22 23 24 27 28 30 35 37 38 41 44 55 57 58 61 62 63 65 69 72 74 78 102 107 114 120 126 138 139 148 155 164 184 193 197 224 236 253 303 309 355 356 389 442 468 583 859 977 1070 1173 1290 1310 2045 2402 2818 2848 3211 3379 7624 9517
23 3 5 6 7 11 17 18 26 34 35 41 42 44 46 47 49 52 53 55 56 57 58 60 62 65 70 74 82 83 86 95 97 107 119 138 139 152 245 252 253 329 330 355 426 545 554 595 671 1412 1429 1524 1799 2169 3839
24 12 14 22 27 30 31 32 33 35 37 40 42 44 45 48 50 51 52 55 56 70 74 80 82 83 86 88 96 102 104 112 117 122 123 138 145 148 184 229 236 426 542 583 621 632 708 725 726 873 940 948 977 1151 1184 1321 1334 1572 1584 1793 1930 2060 2168 2444 3046 3483 3706 5333 6138 6238 6347 6698 7086 7373 8139 8450 9335
25 26 138 140 141 161 166 169 215 241 249 287 301 342 344 425 458 531 588 595 678 694 850 857 863 1174 1199 1222 1482 1490 1524 1610 1645 1667 1888 2106 2264 2587 2685 3139 3196 3262 3398 3747 3880 4397 4722 4724 6115 6534 7242 7322 7382 8243
26 0 1 2 3 4 5 6 7 8 9 10 11 12 13 14 15 16 17 18 19 21 22 23 24 25 26 30 37 38 55 57 61 63 70 72 82 84 103 107 114 117 120 131 138 139 152 158 187 199 371 797 907 1656 4090 4178 5959 6577
27 0 1 2 3 4 5 6 8 9 10 11 12 13 15 16 17 18 20 21 22 23 24 27 28 29 35 36 37 38 41 44 55 57 62 63 65 69 70 74 78 84 107 112 135 139 155 164 176 184 197 252 552 708 909 919 1954 2780 5295 6668 8761
28 0 1 2 4 6 8 9 10 12 14 15 16 19 20 21 22 23 24 29 31 37 38 44 45 51 52 55 58 60 61 63 74 78 82 83 96 102 107 114 121 135 148 164 184 253 268 301 309 316 482 552 612 621 653 899 914 1106 1151 1263 1506 1583 1917 8430
29 6 22 35 36 40 41 45 48 49 51 56 57 59 66 71 73 74 81 92 118 131 138 140 156 176 178 206 211 231 236 243 268 270 274 290 329 330 331 355 391 393 442 482 484 496 517 524 595 650 671 681 727 880 881 1000 1077 1697 2955 2983 3158
30 78 93 112 126 149 150 164 196 199 201 234 255 256 272 275 288 294 347 433 435 537 602 610 625 687 773 992 1026 1084 1132 1183 1610 1904 1906 1933 2076 2385 2659 4378 4514 4801 8740 9517
31 0 1 2 3 4 5 6 7 8 9 10 11 12 13 14 15 16 17 18 19 20 21 22 23 24 26 27 28 30 31 37 38 41 44 58 61 63 65 69 72 96 102 120 121 126 135 138 148 193 197 199 252 253 309 356 404 482 549 554 583 621 653 1065 1106 1387 1734 5091
32 0 1 2 3 4 5 6 7 8 9 10 11 12 13 14 15 16 17 18 19 20 21 22 23 24 27 28 30 35 37 38 41 44 55 57 60 61 62 63 65 69 74 82 102 114 120 121 126 135 138 148 152 166 176 184 197 199 253 268 404 549 655 709 797 900 968 1200 1315 2402 2486 2614 2841 3849 4364 5051 5921
33 64 73 82 91 102 104 174 203 204 224 284 289 307 316 356 373 431 432 448 482 550 598 602 724 749 784 812 961 973 995 1114 1224 1365 1384 1583 1604 1606 1608 2274 2313 2425 2444 2521 2547 2666 2717 2845 2862 3053 3097 3119 3248 3514 3600 3639 3686 4172 4676 4820 4953 5150 5255 5434 5754 6050 6539 6656 6946 7437 8751 8853 9365 9572 9716 9896 9933
34 3 8 10 22 24 25 29 30 32 34 38 42 45 55 57 60 64 73 74 96 118 120 121 137 139 140 152 155 164 166 168 171 178 198 204 216 224 268 305 329 371 391 429 442 487 594 1263 1324 1524 1575 1665 1809 2126 2153 2713 3441 3514 4895 4977 6577 6604 9894
35 
36 79 92 94 107 134 157 187 198 206 280 301 403 406 409 448 469 501 526 542 623 647 659 669 701 712 729 733 751 871 967 979 998 1151 1238 1528 1702 1736 1783 1797 2073 2147 2180 2506 3586 3718 4219 4919 5041 6137 8465 9521 9562 9710
37 0 2 3 4 6 8 9 10 11 17 19 20 21 24 25 26 27 28 30 32 35 36 38 41 44 45 48 54 56 58 60 61 63 72 74 82 84 102 107 114 120 121 152 155 158 166 176 184 229 252 303 355 356 371 395 410 524 566 681 859 968 1052 1089 1315 1737 2073 2444 2612 3097 5862 6577
38 
39 74 108 138 162 166 207 267 301 335 346 365 439 454 524 546 554 566 583 598 608 615 628 646 686 728 742 747 750 797 836 896 968 979 1001 1019 1153 1171 1251 1292 1369 1395 1481 1520 1546 1667 1671 1723 1930 1973 2138 2207 2383 2416 2503 2523 2657 2688 2889 3053 3121 3182 3623 3751 3983 4089 4098 4302 4388 4768 5381 5391 5480 5546 5705 5895 5921 6058 6234 6256 6756 7048 7104 7593 8334 9611
40 43 51 68 90 100 106 154 160 172 173 209 210 243 248 259 265 277 284 292 300 308 345 388 405 517 538 595 725 777 859 869 907 915 972 1027 1184 1263 1468 1643 1880 1958 2120 4849 7895
41 0 1 2 4 5 6 7 9 11 12 13 14 15 16 17 18 19 20 21 23 26 27 28 31 35 37 41 44 50 52 54 62 63 78 82 83 97 117 121 123 126 131 145 148 176 193 197 199 206 253 268 316 372 382 389 549 554 625 665 737 900 1173 1679 1756 2076 3248 3884 4142 4364
42 0 1 2 3 4 5 6 7 8 9 10 11 12 13 14 15 16 17 18 19 20 21 22 23 26 27 28 30 32 35 37 38 44 62 63 65 69 74 78 82 88 121 123 126 138 176 224 249 252 280 299 331 432 482 487 708 935 1184 1263 1495 1522 1643 1656 2291 5860 5973 6092 7360 9517
43 55 111 138 180 194 219 246 257 347 379 380 399 465 474 539 730 753 800 1068 1128 1177 1231 1274 1384 1495 1513 1566 1571 1876 1894 1912 1988 2171 2261 2480 4680 6045 6092 6379 7112 7862
44 138 151 284 305 312 569 620 681 702 712 742 1002 1051 1070 1246 1379 1488 1599 1651 1815 1826 1904 1933 1986 2050 2196 2563 2568 2698 4089 4096 4127 4150 4223 4226 5633 6169 6986 7252 7594 8966 9886
45 0 1 2 3 4 5 6 7 8 9 10 11 12 13 14 15 16 17 18 19 20 21 22 23 26 27 28 29 30 35 37 38 44 55 57 62 63 65 69 72 74 82 102 107 114 117 120 121 135 138 139 176 193 229 236 243 253 309 355 554 653 655 708 899 1122 1482 1881 1954 2513 5661 6459 6698 7055
46 0 1 2 3 4 5 6 7 8 9 10 11 12 13 14 15 16 17 18 19 20 21 22 23 27 28 29 30 36 37 38 41 44 55 57 60 62 63 72 74 88 103 121 138 148 152 155 164 166 280 485 549 612 708 968 1155 1324 1502 4148
47 3 10 13 14 17 29 32 37 39 43 47 53 55 57 58 65 71 78 82 83 85 90 102 107 126 129 131 138 139 140 144 160 183 224 229 424 429 443 482 484 517 583 587 995 1171 1200 2208 2264 3106 3348 3448 3483 3514 3621 4336 5182 5910 5990 6684 6930 9054
48 22 24 30 31 34 39 45 48 55 58 68 74 79 81 92 102 103 117 118 120 134 138 146 148 164 175 178 184 198 211 224 227 252 274 285 300 329 330 335 348 356 382 398 404 545 686 720 751 841 914 990 1023 1283 1312 1344 1384 1510 1554 1575 1593 1601 1809 2825 2905 2955 3684 4157 4247 4497 4799 5843 7569 8334 8355
49 29 42 61 83 84 94 104 111 120 121 128 137 138 140 148 186 212 229 259 425 426 454 484 501 566 739 763 817 829 907 969 970 994 1065 1122 1186 1325 1395 1440 1452 1522 1604 1671 2148 2238 2371 3190 3332 3923 4164 4613 5158 5221 5895 6059 6137 6290 6644 7537 7709 7718 7970 8030 8315 8450 9713 9957
50 34 55 58 61 70 93 133 140 142 146 148 155 164 171 175 198 201 228 233 240 301 327 333 363 371 395 412 415 443 455 485 634 647 663 739 817 900 919 926 968 1232 1275 1376 1391 1482 1524 1599 2292 2477 2513 2941 3443 4096 4995 8438
51 0 1 2 3 4 5 6 7 8 9 10 11 12 13 14 15 16 17 18 19 20 21 22 23 24 27 28 30 35 41 45 58 63 72 78 102 117 121 138 146 155 187 197 198 268 329 371 665 725 910 977 1159 1225 1387 1692 1745 1826 1989 2148 2420 2500 2613 2818 2826 3046 3923 4946 5031 5501 5603 5659 6877 9365
52 
53 0 1 2 3 4 6 8 9 10 11 12 13 14 15 17 19 20 21 22 23 24 25 26 30 38 41 45 54 55 58 70 72 74 78 82 103 110 114 138 158 176 184 243 252 309 332 356 485 583 679 873 899 927 948 968 1077 1296 1408 1434 1495 1958 3102 5150 6035 6126 7712
54 19 20 22 30 35 39 44 48 62 75 84 85 88 90 95 110 115 123 131 137 139 140 156 158 176 180 184 193 198 204 229 231 234 243 249 268 280 288 290 309 330 331 404 408 442 451 468 480 484 561 624 636 655 728 737 797 869 928 954 962 1001 1184 1272 1489 1495 1568 2291 2316 2612 4225 4881 5011
55 0 1 2 3 4 5 6 7 8 9 10 11 12 13 14 15 16 17 18 19 20 21 22 23 24 26 27 28 30 35 37 38 44 45 57 58 63 65 72 84 107 114 117 121 126 138 139 145 152 155 161 166 193 199 252 303 404 468 485 549 554 637 686 725 867 900 909 1184 1263 1270 1334 1495 1502 1737 3110 3244 3477 3774 6887
56 35 40 45 63 76 78 100 112 115 126 128 140 154 160 167 179 181 184 195 196 203 211 223 250 279 289 331 355 390 398 468 485 624 707 805 825 880 914 948 968 1194 1502 1697 1840 2264 2451 2744 2810 2858 2943 3006 3014 3057 3756 3796 4452 5276 5566 7499 8402 8702 9915
57 0 1 2 3 4 5 6 7 8 9 10 11 12 13 14 15 16 17 18 19 20 21 24 26 27 28 30 35 36 37 38 44 45 54 57 62 63 65 69 82 114 121 126 131 135 138 139 145 152 158 184 197 224 236 252 268 309 316 329 404 968 1506 3613 3807 3831 3975 6979
58 32 35 38 47 58 59 66 68 71 84 88 92 119 128 138 144 161 163 172 175 177 178 225 252 275 285 289 329 342 355 366 442 550 720 745 836 850 869 880 909 1132 1228 2319 2659 2985 7548
59 
60 28 54 65 69 87 101 106 113 115 122 123 130 158 163 212 219 232 235 238 240 297 310 350 409 410 431 476 636 758 763 836 1017 1131 1607 1743 1756 1799 1909 1927 1954 3126 3839 4247 5661 8450
61 19 30 40 41 42 43 44 52 63 70 72 75 78 81 89 103 115 118 121 126 135 138 142 146 147 152 155 157 193 198 213 221 240 266 285 342 348 362 389 408 422 429 444 468 487 524 566 574 720 815 968 1137 1227 2430 2976 5751 7537 7672 9584
62 45 53 56 68 69 79 87 90 111 112 117 120 138 151 174 245 248 265 277 282 363 382 439 443 495 662 703 919 1012 1122 1187 1223 1236 1310 1503 1591 1674 1826 1881 2091 2106 2298 2521 2616 2698 2787 2858 3270 3363 3428 3870 3927 3970 4413 4532 4606 4982 5284 5395 5406 5432 5773 5876 5887 6379 7454 7624 7966 8480 9502 9634
63 0 1 2 3 4 5 6 7 8 9 10 11 12 13 14 15 16 17 18 19 20 21 22 23 24 27 28 30 31 37 38 41 45 57 69 72 73 74 97 102 131 138 145 147 148 155 164 176 268 285 356 372 468 583 585 715 900 1495 1714 2291 2371 3248 4364 8402
64 46 54 55 61 70 72 79 82 84 91 111 114 117 126 146 149 158 159 161 162 166 171 176 180 193 206 219 243 246 265 296 313 327 342 377 410 465 494 542 624 653 679 751 778 784 805 962 969 1005 1296 1360 1384 1638 1737 1783 1930 1988 2177 2238 2433 2705 3032 3211 3358 6767 6769 7837 9305 9584
65 14 19 25 30 32 36 39 47 50 57 59 64 73 82 86 88 97 102 103 106 129 144 157 160 173 183 212 224 257 280 299 335 395 410 429 432 482 708 849 890 1132 1324 1385 1387 1491 1679 1881 2052 2431 4288 8761
66 49 58 59 77 87 101 118 136 138 158 186 252 276 292 307 316 339 352 393 443 457 462 524 549 567 636 684 845 875 947 1042 1413 1424 1951 2185 3142 3477 4347 6656 7007 7325 7674
67 0 1 2 3 4 5 6 7 8 9 10 11 12 13 14 15 16 17 18 19 20 21 22 23 24 26 27 28 29 30 35 36 37 38 57 58 62 63 65 69 78 82 102 114 120 126 131 138 139 152 155 176 184 229 468 671 977 1290 1387 1434 1495 2148 2700 3389 3767 4023 8080
68 6 11 12 26 35 41 51 52 54 55 57 61 62 70 76 79 81 82 84 90 103 112 114 117 132 136 142 170 180 187 236 243 264 279 342 372 377 424 468 509 517 554 604 612 715 899 1122 1395 1428 1888 2112 2818 2973 3591 5350 5667 5990 6163
69 
70 7 14 19 23 26 31 35 42 43 45 49 52 53 54 55 56 57 59 62 69 73 75 76 81 90 106 121 123 132 138 162 176 224 243 253 329 332 410 422 424 442 487 545 619 650 762 880 1000 1113 2216 2973 7850
71 20 30 36 40 41 48 68 73 84 97 98 101 125 137 143 170 172 196 204 252 268 290 327 439 442 446 523 534 546 549 715 727 728 881 903 968 1272 1384 1671 1721 2000 2212 2304 2477 2591 2684 3424 3684 3953 4044 4131 4632 4656 4881 5195 5447 6018 7600 8019 8334
72 54 61 70 72 79 84 103 110 111 114 138 159 174 180 213 216 237 243 261 313 334 373 397 404 415 428 475 495 633 798 890 1035 1171 1190 1215 1300 1384 1510 2433 2859 4977 5038
73 149 320 333 470 474 520 686 898 1114 1122 1294 1307 1311 1472 1484 1494 1495 1558 1571 1611 1765 2201 2244 2689 2700 2703 2796 2857 2878 3357 3403 3706 3774 3818 3824 3826 4524 4976 5132 5235 5627 5931 6188 6327 6359 6361 6518 6589 7218 7266 7530 7702 7828 8156 8528 9478
74 67 85 93 109 134 145 168 169 170 199 203 242 250 314 325 342 431 446 461 468 501 621 625 659 948 1038 1134 1210 1274 1596 1667 1790 1807 1917 2274 2427 2848 3097 3502 3759 4429 4597 4609 4797 5011 5484 5526 6097 7774 8365 8427 8875 8938 9543
75 0 1 2 3 5 6 7 8 9 10 12 13 14 15 16 17 18 19 20 21 22 24 25 26 27 28 30 31 36 37 38 41 45 57 58 62 65 69 73 97 121 139 147 155 199 236 356 583 679 873 977 1434 1482 1671 2616 3676 6165 8271 8734
76 0 1 2 3 4 5 6 7 8 9 10 11 12 13 14 15 16 17 18 19 20 21 22 23 24 26 27 28 30 32 35 37 61 62 63 78 107 112 114 121 126 139 145 148 155 157 164 166 184 199 236 332 355 371 372 389 484 549 681 867 869 900 1476 2060 3182 3279 3398 3408 3849 3992 4364 5313 6288 6402 8095
77 
78 29 45 58 87 122 171 172 183 186 201 219 245 252 261 269 285 292 305 325 352 375 443 572 654 680 845 909 976 1502 1597 1686 1801 1913 1981 2142 2190 2198 2282 2509 2579 2852 2922 3284 3525 3676 3700 3706 4350 4864 4994 5336 5558 5902 6131 6644 7658 8116 8802 9888
79 3 4 6 7 11 13 17 18 19 21 23 25 27 28 35 36 41 44 50 51 52 55 56 57 58 60 61 62 63 72 74 87 97 98 102 107 110 119 131 140 152 156 176 206 211 224 238 331 355 371 372 476 485 524 681 782 1452 2983
80 0 1 2 3 4 5 6 7 8 9 10 11 12 13 14 15 16 17 18 19 20 21 22 23 24 26 27 28 30 31 37 41 44 45 54 62 63 65 69 82 102 120 121 126 131 139 145 184 197 224 268 290 303 316 404 426 653 686 968 1256 1572 2060 2614 3923 6337
81 0 1 2 3 4 5 6 7 8 9 10 11 12 13 14 15 16 17 18 19 20 21 22 23 24 26 27 28 37 38 44 45 54 57 63 65 69 74 83 96 102 114 120 121 131 135 138 148 155 161 166 193 211 268 309 329 355 554 708 869 900 1506 4281 5091 7234
82 30 36 70 72 78 80 84 99 110 120 125 126 134 155 163 170 199 225 247 253 266 271 288 314 339 341 360 426 461 494 496 517 621 625 707 841 914 968 999 1274 1300 1606 1628 1665 1671 1754 1937 2047 2282 2717 2739 2967 3097 3457 3471 3493 4018 5472 7253 7677 7975 8643 9542
83 0 1 2 3 4 5 6 7 8 9 10 11 12 13 14 15 16 17 18 19 20 21 24 25 26 27 28 30 35 36 37 38 41 44 45 57 63 65 69 72 82 84 112 120 126 131 199 280 316 372 797 859 2780 3244 3975
84 0 1 2 3 4 5 6 7 8 9 10 11 12 13 14 15 16 17 18 19 20 21 22 23 24 26 27 28 30 32 35 37 45 54 57 58 62 63 65 69 74 102 114 117 126 131 145 155 166 176 184 229 236 356 410 426 482 621 968 1256 1283 1737 4291 4347 5276 6049 9047
85 24 33 78 113 123 138 158 163 164 187 232 330 419 433 503 524 548 552 559 719 801 850 938 983 1106 1135 1222 1312 1319 1398 1604 1909 2144 2157 2199 2312 2432
86 0 1 2 3 4 5 6 7 8 9 10 11 12 13 14 15 16 17 18 19 20 21 22 23 24 26 27 28 30 35 37 38 41 44 45 57 58 62 63 69 72 74 78 102 120 121 126 131 135 138 139 145 152 164 193 199 243 252 303 316 404 900 968 1310 1502 1591 7055 8978 9514
87 24 25 27 30 39 41 49 73 81 87 97 108 125 130 137 138 142 159 166 172 176 179 251 257 281 346 356 377 399 501 513 583 615 632 679 907 909 949 1041 1073 1334 1388 2334 3160 3299 5448
88 47 54 68 95 100 113 120 124 130 135 146 147 161 173 209 210 211 216 250 278 282 501 510 554 869 928 957 1223 1263 1275 1571 2212 2316 2372 2475 2552 3110 3400 3561 3704 3879 4171 4500 4841 5546 5668 5778 6831 7117 7481 7727 7734 7777 9208 9358 9593
89 23 66 71 72 80 87 98 111 125 142 152 159 178 230 233 240 267 268 272 279 330 333 348 424 436 443 484 485 500 545 594 596 636 646 694 726 733 857 866 867 914 943 971 997 1008 1134 1172 1307 1434 1480 1495 1823 2120 3137 5350
90 5 17 23 33 34 42 44 55 61 75 78 80 83 86 88 90 92 95 96 123 137 138 140 155 157 158 184 218 229 238 250 310 330 331 372 388 424 425 449 519 638 646 655 679 686 751 896 1016 1052 1110 1223 1260 1384 1476 2322 2371 2899 3299 3457 3977 4171 4329 4551 4829 6160 8381 9054
91 138 663 732 817 859 1083 1437 1646 1691 2149 2424 2452 2477 2492 2650 2685 3208 3244 3318 3909 4081 4195 4465 4480 4575 4770 4830 4951 4962 4967 5193 5337 5613 5659 5664 6008 6422 6557 6582 7147 8307 8714 9127 9167 9546
92 3 8 11 15 17 24 27 38 41 42 45 49 50 54 57 68 71 73 74 92 97 100 106 107 120 122 132 144 147 152 159 166 176 193 210 231 255 316 355 356 442 451 549 595 611 659 671 715 789 869 928 1334 1583 1673 1714 1799 1862 1958 2067 3097 3299 7776 8801 9138
93 49 87 95 99 107 110 122 150 187 218 244 249 267 275 310 342 422 549 561 585 597 611 623 673 737 750 784 842 866 915 1027 1332 1352 1420 1421 1584 1850 1951 1959 1967 2296 3194 3535 3600 3706 4319 4335 4497 4704 4807 4813 7315 7918 9542
94 33 34 80 262 273 318 332 402 460 522 554 632 667 681 727 735 764 782 820 824 830 857 860 1000 1008 1031 1216 1230 1341 1344 1412 1604 1627 1665 1750 1783 1861 1942 2185 2360 2819 3428 3458 4124 4157 4657 5483 5626 7708 8492 8993
95 50 65 103 111 116 120 129 136 140 144 152 200 217 222 229 257 299 311 313 335 375 392 395 503 562 568 670 737 742 1679 1756 3692 3751 5390 5442 5564 5977 7585 8094
96 5 13 17 28 29 36 44 58 62 65 88 110 123 127 131 138 140 143 145 149 154 189 193 196 197 201 219 229 236 249 268 271 308 310 329 365 372 391 404 424 442 446 451 455 484 504 523 542 596 609 655 662 709 715 737 824 1001 1339 1361 1429 1564 1597 1862 2003 2088 2240 2818 6376 6459
97 0 1 2 3 4 5 6 7 8 9 10 11 12 13 14 15 16 17 18 19 20 21 22 23 24 26 27 28 30 37 38 45 54 57 62 63 65 69 72 78 84 103 107 114 120 121 126 131 138 164 166 211 249 290 299 329 426 869 909 914 1200 1395 1434 2889 4142 4266 4301 5276 5381 6102 9630 9691
98 0 1 2 3 4 5 6 7 8 9 10 11 12 13 14 15 16 17 18 19 20 21 22 23 26 27 28 30 35 37 38 40 41 44 55 58 62 63 65 69 72 82 114 120 121 139 155 229 236 303 329 355 410 797 915 927 1736 2039 2148 2478 3097 5350 5394 6201 7347 7753
99 0 1 3 5 6 7 9 10 14 15 18 19 20 24 25 26 27 28 29 32 36 38 45 58 61 62 63 65 69 70 74 82 84 96 97 103 117 119 120 138 139 147 152 161 166 175 178 199 224 249 280 299 303 329 482 609 637 686 867 1756 2478 3110 4869 5851 7234
